{
  "/Users/alexledger/git/aled1027/mechabellum/src/index.ts": {
    "path": "/Users/alexledger/git/aled1027/mechabellum/src/index.ts",
    "all": true,
    "statementMap": {
      "0": { "start": { "line": 1, "column": 0 }, "end": { "line": 1, "column": 40 } },
      "1": { "start": { "line": 2, "column": 0 }, "end": { "line": 2, "column": 30 } },
      "2": { "start": { "line": 3, "column": 0 }, "end": { "line": 3, "column": 32 } },
      "3": { "start": { "line": 4, "column": 0 }, "end": { "line": 4, "column": 34 } },
      "4": { "start": { "line": 5, "column": 0 }, "end": { "line": 5, "column": 36 } },
      "5": { "start": { "line": 6, "column": 0 }, "end": { "line": 6, "column": 31 } },
      "6": { "start": { "line": 7, "column": 0 }, "end": { "line": 7, "column": 36 } },
      "7": { "start": { "line": 8, "column": 0 }, "end": { "line": 8, "column": 42 } },
      "8": { "start": { "line": 9, "column": 0 }, "end": { "line": 9, "column": 42 } },
      "9": { "start": { "line": 10, "column": 0 }, "end": { "line": 10, "column": 31 } },
      "10": { "start": { "line": 11, "column": 0 }, "end": { "line": 11, "column": 34 } },
      "11": { "start": { "line": 12, "column": 0 }, "end": { "line": 12, "column": 33 } },
      "12": { "start": { "line": 13, "column": 0 }, "end": { "line": 13, "column": 31 } },
      "13": { "start": { "line": 14, "column": 0 }, "end": { "line": 14, "column": 35 } },
      "14": { "start": { "line": 15, "column": 0 }, "end": { "line": 15, "column": 36 } }
    },
    "s": {
      "0": 0,
      "1": 0,
      "2": 0,
      "3": 0,
      "4": 0,
      "5": 0,
      "6": 0,
      "7": 0,
      "8": 0,
      "9": 0,
      "10": 0,
      "11": 0,
      "12": 0,
      "13": 0,
      "14": 0
    },
    "branchMap": {
      "0": {
        "type": "branch",
        "line": 1,
        "loc": { "start": { "line": 1, "column": 537 }, "end": { "line": 15, "column": 36 } },
        "locations": [
          { "start": { "line": 1, "column": 537 }, "end": { "line": 15, "column": 36 } }
        ]
      }
    },
    "b": { "0": [0] },
    "fnMap": {
      "0": {
        "name": "(empty-report)",
        "decl": { "start": { "line": 1, "column": 537 }, "end": { "line": 15, "column": 36 } },
        "loc": { "start": { "line": 1, "column": 537 }, "end": { "line": 15, "column": 36 } },
        "line": 1
      }
    },
    "f": { "0": 0 }
  },
  "/Users/alexledger/git/aled1027/mechabellum/src/client/interpolation.ts": {
    "path": "/Users/alexledger/git/aled1027/mechabellum/src/client/interpolation.ts",
    "all": false,
    "statementMap": {
      "0": { "start": { "line": 1, "column": 0 }, "end": { "line": 1, "column": 52 } },
      "1": { "start": { "line": 2, "column": 0 }, "end": { "line": 2, "column": 0 } },
      "2": { "start": { "line": 3, "column": 0 }, "end": { "line": 3, "column": 36 } },
      "3": { "start": { "line": 4, "column": 0 }, "end": { "line": 4, "column": 25 } },
      "4": { "start": { "line": 5, "column": 0 }, "end": { "line": 5, "column": 1 } },
      "5": { "start": { "line": 6, "column": 0 }, "end": { "line": 6, "column": 0 } },
      "6": { "start": { "line": 7, "column": 0 }, "end": { "line": 7, "column": 76 } },
      "7": { "start": { "line": 8, "column": 0 }, "end": { "line": 8, "column": 39 } },
      "8": { "start": { "line": 9, "column": 0 }, "end": { "line": 9, "column": 2 } },
      "9": { "start": { "line": 10, "column": 0 }, "end": { "line": 10, "column": 0 } },
      "10": { "start": { "line": 11, "column": 0 }, "end": { "line": 11, "column": 36 } },
      "11": { "start": { "line": 12, "column": 0 }, "end": { "line": 12, "column": 25 } },
      "12": { "start": { "line": 13, "column": 0 }, "end": { "line": 13, "column": 21 } },
      "13": { "start": { "line": 14, "column": 0 }, "end": { "line": 14, "column": 15 } },
      "14": { "start": { "line": 15, "column": 0 }, "end": { "line": 15, "column": 20 } },
      "15": { "start": { "line": 16, "column": 0 }, "end": { "line": 16, "column": 10 } },
      "16": { "start": { "line": 17, "column": 0 }, "end": { "line": 17, "column": 39 } },
      "17": { "start": { "line": 18, "column": 0 }, "end": { "line": 18, "column": 38 } },
      "18": { "start": { "line": 19, "column": 0 }, "end": { "line": 19, "column": 4 } },
      "19": { "start": { "line": 20, "column": 0 }, "end": { "line": 20, "column": 2 } }
    },
    "s": {
      "0": 1,
      "1": 1,
      "2": 1,
      "3": 1,
      "4": 1,
      "5": 1,
      "6": 1,
      "7": 3,
      "8": 3,
      "9": 1,
      "10": 1,
      "11": 1,
      "12": 1,
      "13": 1,
      "14": 1,
      "15": 1,
      "16": 1,
      "17": 1,
      "18": 1,
      "19": 1
    },
    "branchMap": {
      "0": {
        "type": "branch",
        "line": 7,
        "loc": { "start": { "line": 7, "column": 20 }, "end": { "line": 9, "column": 2 } },
        "locations": [{ "start": { "line": 7, "column": 20 }, "end": { "line": 9, "column": 2 } }]
      },
      "1": {
        "type": "branch",
        "line": 11,
        "loc": { "start": { "line": 11, "column": 35 }, "end": { "line": 20, "column": 2 } },
        "locations": [{ "start": { "line": 11, "column": 35 }, "end": { "line": 20, "column": 2 } }]
      }
    },
    "b": { "0": [3], "1": [1] },
    "fnMap": {
      "0": {
        "name": "lerp",
        "decl": { "start": { "line": 7, "column": 20 }, "end": { "line": 9, "column": 2 } },
        "loc": { "start": { "line": 7, "column": 20 }, "end": { "line": 9, "column": 2 } },
        "line": 7
      },
      "1": {
        "name": "interpolatePosition",
        "decl": { "start": { "line": 11, "column": 35 }, "end": { "line": 20, "column": 2 } },
        "loc": { "start": { "line": 11, "column": 35 }, "end": { "line": 20, "column": 2 } },
        "line": 11
      }
    },
    "f": { "0": 3, "1": 1 }
  },
  "/Users/alexledger/git/aled1027/mechabellum/src/core/fixedTimestep.ts": {
    "path": "/Users/alexledger/git/aled1027/mechabellum/src/core/fixedTimestep.ts",
    "all": false,
    "statementMap": {
      "0": { "start": { "line": 1, "column": 0 }, "end": { "line": 1, "column": 66 } },
      "1": { "start": { "line": 2, "column": 0 }, "end": { "line": 2, "column": 0 } },
      "2": { "start": { "line": 3, "column": 0 }, "end": { "line": 3, "column": 32 } },
      "3": { "start": { "line": 4, "column": 0 }, "end": { "line": 4, "column": 34 } },
      "4": { "start": { "line": 5, "column": 0 }, "end": { "line": 5, "column": 26 } },
      "5": { "start": { "line": 6, "column": 0 }, "end": { "line": 6, "column": 19 } },
      "6": { "start": { "line": 7, "column": 0 }, "end": { "line": 7, "column": 0 } },
      "7": { "start": { "line": 8, "column": 0 }, "end": { "line": 8, "column": 31 } },
      "8": { "start": { "line": 9, "column": 0 }, "end": { "line": 9, "column": 22 } },
      "9": { "start": { "line": 10, "column": 0 }, "end": { "line": 10, "column": 44 } },
      "10": { "start": { "line": 11, "column": 0 }, "end": { "line": 11, "column": 5 } },
      "11": { "start": { "line": 12, "column": 0 }, "end": { "line": 12, "column": 25 } },
      "12": { "start": { "line": 13, "column": 0 }, "end": { "line": 13, "column": 3 } },
      "13": { "start": { "line": 14, "column": 0 }, "end": { "line": 14, "column": 0 } },
      "14": { "start": { "line": 15, "column": 0 }, "end": { "line": 15, "column": 57 } },
      "15": { "start": { "line": 16, "column": 0 }, "end": { "line": 16, "column": 32 } },
      "16": { "start": { "line": 17, "column": 0 }, "end": { "line": 17, "column": 45 } },
      "17": { "start": { "line": 18, "column": 0 }, "end": { "line": 18, "column": 21 } },
      "18": { "start": { "line": 19, "column": 0 }, "end": { "line": 19, "column": 39 } },
      "19": { "start": { "line": 20, "column": 0 }, "end": { "line": 20, "column": 38 } },
      "20": { "start": { "line": 21, "column": 0 }, "end": { "line": 21, "column": 5 } },
      "21": { "start": { "line": 22, "column": 0 }, "end": { "line": 22, "column": 3 } },
      "22": { "start": { "line": 23, "column": 0 }, "end": { "line": 23, "column": 0 } },
      "23": { "start": { "line": 24, "column": 0 }, "end": { "line": 24, "column": 56 } },
      "24": { "start": { "line": 25, "column": 0 }, "end": { "line": 25, "column": 40 } },
      "25": { "start": { "line": 26, "column": 0 }, "end": { "line": 26, "column": 21 } },
      "26": { "start": { "line": 27, "column": 0 }, "end": { "line": 27, "column": 39 } },
      "27": { "start": { "line": 28, "column": 0 }, "end": { "line": 28, "column": 5 } },
      "28": { "start": { "line": 29, "column": 0 }, "end": { "line": 29, "column": 3 } },
      "29": { "start": { "line": 30, "column": 0 }, "end": { "line": 30, "column": 0 } },
      "30": { "start": { "line": 31, "column": 0 }, "end": { "line": 31, "column": 21 } },
      "31": { "start": { "line": 32, "column": 0 }, "end": { "line": 32, "column": 21 } },
      "32": { "start": { "line": 33, "column": 0 }, "end": { "line": 33, "column": 3 } },
      "33": { "start": { "line": 34, "column": 0 }, "end": { "line": 34, "column": 0 } },
      "34": { "start": { "line": 35, "column": 0 }, "end": { "line": 35, "column": 23 } },
      "35": { "start": { "line": 36, "column": 0 }, "end": { "line": 36, "column": 23 } },
      "36": { "start": { "line": 37, "column": 0 }, "end": { "line": 37, "column": 3 } },
      "37": { "start": { "line": 38, "column": 0 }, "end": { "line": 38, "column": 1 } }
    },
    "s": {
      "0": 1,
      "1": 1,
      "2": 1,
      "3": 8,
      "4": 8,
      "5": 8,
      "6": 8,
      "7": 8,
      "8": 8,
      "9": 1,
      "10": 1,
      "11": 7,
      "12": 8,
      "13": 8,
      "14": 8,
      "15": 4,
      "16": 4,
      "17": 4,
      "18": 4,
      "19": 4,
      "20": 4,
      "21": 4,
      "22": 8,
      "23": 8,
      "24": 5,
      "25": 265,
      "26": 265,
      "27": 265,
      "28": 5,
      "29": 8,
      "30": 8,
      "31": 1,
      "32": 1,
      "33": 8,
      "34": 8,
      "35": 0,
      "36": 0,
      "37": 8
    },
    "branchMap": {
      "0": {
        "type": "branch",
        "line": 3,
        "loc": { "start": { "line": 3, "column": 31 }, "end": { "line": 38, "column": 1 } },
        "locations": [{ "start": { "line": 3, "column": 31 }, "end": { "line": 38, "column": 1 } }]
      },
      "1": {
        "type": "branch",
        "line": 8,
        "loc": { "start": { "line": 8, "column": 2 }, "end": { "line": 13, "column": 3 } },
        "locations": [{ "start": { "line": 8, "column": 2 }, "end": { "line": 13, "column": 3 } }]
      },
      "2": {
        "type": "branch",
        "line": 9,
        "loc": { "start": { "line": 9, "column": 21 }, "end": { "line": 11, "column": 5 } },
        "locations": [{ "start": { "line": 9, "column": 21 }, "end": { "line": 11, "column": 5 } }]
      },
      "3": {
        "type": "branch",
        "line": 11,
        "loc": { "start": { "line": 11, "column": 4 }, "end": { "line": 12, "column": 25 } },
        "locations": [{ "start": { "line": 11, "column": 4 }, "end": { "line": 12, "column": 25 } }]
      },
      "4": {
        "type": "branch",
        "line": 15,
        "loc": { "start": { "line": 15, "column": 2 }, "end": { "line": 22, "column": 3 } },
        "locations": [{ "start": { "line": 15, "column": 2 }, "end": { "line": 22, "column": 3 } }]
      },
      "5": {
        "type": "branch",
        "line": 24,
        "loc": { "start": { "line": 24, "column": 2 }, "end": { "line": 29, "column": 3 } },
        "locations": [{ "start": { "line": 24, "column": 2 }, "end": { "line": 29, "column": 3 } }]
      },
      "6": {
        "type": "branch",
        "line": 25,
        "loc": { "start": { "line": 25, "column": 39 }, "end": { "line": 28, "column": 5 } },
        "locations": [{ "start": { "line": 25, "column": 39 }, "end": { "line": 28, "column": 5 } }]
      },
      "7": {
        "type": "branch",
        "line": 31,
        "loc": { "start": { "line": 31, "column": 2 }, "end": { "line": 33, "column": 3 } },
        "locations": [{ "start": { "line": 31, "column": 2 }, "end": { "line": 33, "column": 3 } }]
      }
    },
    "b": { "0": [8], "1": [8], "2": [1], "3": [7], "4": [4], "5": [5], "6": [265], "7": [1] },
    "fnMap": {
      "0": {
        "name": "<instance_members_initializer>",
        "decl": { "start": { "line": 3, "column": 31 }, "end": { "line": 38, "column": 1 } },
        "loc": { "start": { "line": 3, "column": 31 }, "end": { "line": 38, "column": 1 } },
        "line": 3
      },
      "1": {
        "name": "FixedTimestepLoop",
        "decl": { "start": { "line": 8, "column": 2 }, "end": { "line": 13, "column": 3 } },
        "loc": { "start": { "line": 8, "column": 2 }, "end": { "line": 13, "column": 3 } },
        "line": 8
      },
      "2": {
        "name": "advance",
        "decl": { "start": { "line": 15, "column": 2 }, "end": { "line": 22, "column": 3 } },
        "loc": { "start": { "line": 15, "column": 2 }, "end": { "line": 22, "column": 3 } },
        "line": 15
      },
      "3": {
        "name": "runTicks",
        "decl": { "start": { "line": 24, "column": 2 }, "end": { "line": 29, "column": 3 } },
        "loc": { "start": { "line": 24, "column": 2 }, "end": { "line": 29, "column": 3 } },
        "line": 24
      },
      "4": {
        "name": "getTick",
        "decl": { "start": { "line": 31, "column": 2 }, "end": { "line": 33, "column": 3 } },
        "loc": { "start": { "line": 31, "column": 2 }, "end": { "line": 33, "column": 3 } },
        "line": 31
      },
      "5": {
        "name": "getStepMs",
        "decl": { "start": { "line": 35, "column": 2 }, "end": { "line": 37, "column": 3 } },
        "loc": { "start": { "line": 35, "column": 2 }, "end": { "line": 37, "column": 3 } },
        "line": 35
      }
    },
    "f": { "0": 8, "1": 8, "2": 4, "3": 5, "4": 1, "5": 0 }
  },
  "/Users/alexledger/git/aled1027/mechabellum/src/core/rng.ts": {
    "path": "/Users/alexledger/git/aled1027/mechabellum/src/core/rng.ts",
    "all": false,
    "statementMap": {
      "0": { "start": { "line": 1, "column": 0 }, "end": { "line": 1, "column": 28 } },
      "1": { "start": { "line": 2, "column": 0 }, "end": { "line": 2, "column": 22 } },
      "2": { "start": { "line": 3, "column": 0 }, "end": { "line": 3, "column": 40 } },
      "3": { "start": { "line": 4, "column": 0 }, "end": { "line": 4, "column": 64 } },
      "4": { "start": { "line": 5, "column": 0 }, "end": { "line": 5, "column": 1 } },
      "5": { "start": { "line": 6, "column": 0 }, "end": { "line": 6, "column": 0 } },
      "6": { "start": { "line": 7, "column": 0 }, "end": { "line": 7, "column": 30 } },
      "7": { "start": { "line": 8, "column": 0 }, "end": { "line": 8, "column": 0 } },
      "8": { "start": { "line": 9, "column": 0 }, "end": { "line": 9, "column": 42 } },
      "9": { "start": { "line": 10, "column": 0 }, "end": { "line": 10, "column": 24 } },
      "10": { "start": { "line": 11, "column": 0 }, "end": { "line": 11, "column": 45 } },
      "11": { "start": { "line": 12, "column": 0 }, "end": { "line": 12, "column": 32 } },
      "12": { "start": { "line": 13, "column": 0 }, "end": { "line": 13, "column": 45 } },
      "13": { "start": { "line": 14, "column": 0 }, "end": { "line": 14, "column": 3 } },
      "14": { "start": { "line": 15, "column": 0 }, "end": { "line": 15, "column": 20 } },
      "15": { "start": { "line": 16, "column": 0 }, "end": { "line": 16, "column": 2 } },
      "16": { "start": { "line": 17, "column": 0 }, "end": { "line": 17, "column": 0 } },
      "17": { "start": { "line": 18, "column": 0 }, "end": { "line": 18, "column": 52 } },
      "18": { "start": { "line": 19, "column": 0 }, "end": { "line": 19, "column": 24 } },
      "19": { "start": { "line": 20, "column": 0 }, "end": { "line": 20, "column": 0 } },
      "20": { "start": { "line": 21, "column": 0 }, "end": { "line": 21, "column": 29 } },
      "21": { "start": { "line": 22, "column": 0 }, "end": { "line": 22, "column": 28 } },
      "22": { "start": { "line": 23, "column": 0 }, "end": { "line": 23, "column": 3 } },
      "23": { "start": { "line": 24, "column": 0 }, "end": { "line": 24, "column": 0 } },
      "24": { "start": { "line": 25, "column": 0 }, "end": { "line": 25, "column": 24 } },
      "25": { "start": { "line": 26, "column": 0 }, "end": { "line": 26, "column": 17 } },
      "26": { "start": { "line": 27, "column": 0 }, "end": { "line": 27, "column": 23 } },
      "27": { "start": { "line": 28, "column": 0 }, "end": { "line": 28, "column": 17 } },
      "28": { "start": { "line": 29, "column": 0 }, "end": { "line": 29, "column": 18 } },
      "29": { "start": { "line": 30, "column": 0 }, "end": { "line": 30, "column": 16 } },
      "30": { "start": { "line": 31, "column": 0 }, "end": { "line": 31, "column": 25 } },
      "31": { "start": { "line": 32, "column": 0 }, "end": { "line": 32, "column": 22 } },
      "32": { "start": { "line": 33, "column": 0 }, "end": { "line": 33, "column": 3 } },
      "33": { "start": { "line": 34, "column": 0 }, "end": { "line": 34, "column": 0 } },
      "34": { "start": { "line": 35, "column": 0 }, "end": { "line": 35, "column": 23 } },
      "35": { "start": { "line": 36, "column": 0 }, "end": { "line": 36, "column": 48 } },
      "36": { "start": { "line": 37, "column": 0 }, "end": { "line": 37, "column": 3 } },
      "37": { "start": { "line": 38, "column": 0 }, "end": { "line": 38, "column": 0 } },
      "38": { "start": { "line": 39, "column": 0 }, "end": { "line": 39, "column": 41 } },
      "39": { "start": { "line": 40, "column": 0 }, "end": { "line": 40, "column": 28 } },
      "40": { "start": { "line": 41, "column": 0 }, "end": { "line": 41, "column": 50 } },
      "41": { "start": { "line": 42, "column": 0 }, "end": { "line": 42, "column": 5 } },
      "42": { "start": { "line": 43, "column": 0 }, "end": { "line": 43, "column": 55 } },
      "43": { "start": { "line": 44, "column": 0 }, "end": { "line": 44, "column": 3 } },
      "44": { "start": { "line": 45, "column": 0 }, "end": { "line": 45, "column": 0 } },
      "45": { "start": { "line": 46, "column": 0 }, "end": { "line": 46, "column": 65 } },
      "46": { "start": { "line": 47, "column": 0 }, "end": { "line": 47, "column": 39 } },
      "47": { "start": { "line": 48, "column": 0 }, "end": { "line": 48, "column": 61 } },
      "48": { "start": { "line": 49, "column": 0 }, "end": { "line": 49, "column": 5 } },
      "49": { "start": { "line": 50, "column": 0 }, "end": { "line": 50, "column": 68 } },
      "50": { "start": { "line": 51, "column": 0 }, "end": { "line": 51, "column": 3 } },
      "51": { "start": { "line": 52, "column": 0 }, "end": { "line": 52, "column": 0 } },
      "52": { "start": { "line": 53, "column": 0 }, "end": { "line": 53, "column": 39 } },
      "53": { "start": { "line": 54, "column": 0 }, "end": { "line": 54, "column": 31 } },
      "54": { "start": { "line": 55, "column": 0 }, "end": { "line": 55, "column": 62 } },
      "55": { "start": { "line": 56, "column": 0 }, "end": { "line": 56, "column": 3 } },
      "56": { "start": { "line": 57, "column": 0 }, "end": { "line": 57, "column": 0 } },
      "57": { "start": { "line": 58, "column": 0 }, "end": { "line": 58, "column": 53 } },
      "58": { "start": { "line": 59, "column": 0 }, "end": { "line": 59, "column": 45 } },
      "59": { "start": { "line": 60, "column": 0 }, "end": { "line": 60, "column": 3 } },
      "60": { "start": { "line": 61, "column": 0 }, "end": { "line": 61, "column": 1 } },
      "61": { "start": { "line": 62, "column": 0 }, "end": { "line": 62, "column": 0 } },
      "62": { "start": { "line": 63, "column": 0 }, "end": { "line": 63, "column": 25 } },
      "63": { "start": { "line": 64, "column": 0 }, "end": { "line": 64, "column": 28 } },
      "64": { "start": { "line": 65, "column": 0 }, "end": { "line": 65, "column": 36 } },
      "65": { "start": { "line": 66, "column": 0 }, "end": { "line": 66, "column": 0 } },
      "66": { "start": { "line": 67, "column": 0 }, "end": { "line": 67, "column": 33 } },
      "67": { "start": { "line": 68, "column": 0 }, "end": { "line": 68, "column": 35 } },
      "68": { "start": { "line": 69, "column": 0 }, "end": { "line": 69, "column": 35 } },
      "69": { "start": { "line": 70, "column": 0 }, "end": { "line": 70, "column": 3 } },
      "70": { "start": { "line": 71, "column": 0 }, "end": { "line": 71, "column": 0 } },
      "71": { "start": { "line": 72, "column": 0 }, "end": { "line": 72, "column": 37 } },
      "72": { "start": { "line": 73, "column": 0 }, "end": { "line": 73, "column": 66 } },
      "73": { "start": { "line": 74, "column": 0 }, "end": { "line": 74, "column": 3 } },
      "74": { "start": { "line": 75, "column": 0 }, "end": { "line": 75, "column": 0 } },
      "75": { "start": { "line": 76, "column": 0 }, "end": { "line": 76, "column": 42 } },
      "76": { "start": { "line": 77, "column": 0 }, "end": { "line": 77, "column": 60 } },
      "77": { "start": { "line": 78, "column": 0 }, "end": { "line": 78, "column": 44 } },
      "78": { "start": { "line": 79, "column": 0 }, "end": { "line": 79, "column": 3 } },
      "79": { "start": { "line": 80, "column": 0 }, "end": { "line": 80, "column": 1 } }
    },
    "s": {
      "0": 1,
      "1": 1,
      "2": 1,
      "3": 1,
      "4": 1,
      "5": 1,
      "6": 1,
      "7": 1,
      "8": 1,
      "9": 278,
      "10": 278,
      "11": 1942,
      "12": 1942,
      "13": 1942,
      "14": 278,
      "15": 278,
      "16": 1,
      "17": 1,
      "18": 282,
      "19": 282,
      "20": 282,
      "21": 282,
      "22": 282,
      "23": 282,
      "24": 282,
      "25": 41,
      "26": 41,
      "27": 41,
      "28": 41,
      "29": 41,
      "30": 41,
      "31": 41,
      "32": 41,
      "33": 282,
      "34": 282,
      "35": 29,
      "36": 29,
      "37": 282,
      "38": 282,
      "39": 7,
      "40": 1,
      "41": 1,
      "42": 6,
      "43": 7,
      "44": 282,
      "45": 282,
      "46": 1,
      "47": 1,
      "48": 1,
      "49": 0,
      "50": 1,
      "51": 282,
      "52": 282,
      "53": 2,
      "54": 2,
      "55": 2,
      "56": 282,
      "57": 282,
      "58": 0,
      "59": 0,
      "60": 282,
      "61": 1,
      "62": 1,
      "63": 13,
      "64": 13,
      "65": 13,
      "66": 13,
      "67": 13,
      "68": 13,
      "69": 13,
      "70": 13,
      "71": 13,
      "72": 14,
      "73": 14,
      "74": 13,
      "75": 13,
      "76": 276,
      "77": 276,
      "78": 276,
      "79": 13
    },
    "branchMap": {
      "0": {
        "type": "branch",
        "line": 9,
        "loc": { "start": { "line": 9, "column": 14 }, "end": { "line": 16, "column": 2 } },
        "locations": [{ "start": { "line": 9, "column": 14 }, "end": { "line": 16, "column": 2 } }]
      },
      "1": {
        "type": "branch",
        "line": 11,
        "loc": { "start": { "line": 11, "column": 44 }, "end": { "line": 14, "column": 3 } },
        "locations": [{ "start": { "line": 11, "column": 44 }, "end": { "line": 14, "column": 3 } }]
      },
      "2": {
        "type": "branch",
        "line": 18,
        "loc": { "start": { "line": 18, "column": 51 }, "end": { "line": 61, "column": 1 } },
        "locations": [{ "start": { "line": 18, "column": 51 }, "end": { "line": 61, "column": 1 } }]
      },
      "3": {
        "type": "branch",
        "line": 21,
        "loc": { "start": { "line": 21, "column": 2 }, "end": { "line": 23, "column": 3 } },
        "locations": [{ "start": { "line": 21, "column": 2 }, "end": { "line": 23, "column": 3 } }]
      },
      "4": {
        "type": "branch",
        "line": 25,
        "loc": { "start": { "line": 25, "column": 2 }, "end": { "line": 33, "column": 3 } },
        "locations": [{ "start": { "line": 25, "column": 2 }, "end": { "line": 33, "column": 3 } }]
      },
      "5": {
        "type": "branch",
        "line": 35,
        "loc": { "start": { "line": 35, "column": 2 }, "end": { "line": 37, "column": 3 } },
        "locations": [{ "start": { "line": 35, "column": 2 }, "end": { "line": 37, "column": 3 } }]
      },
      "6": {
        "type": "branch",
        "line": 39,
        "loc": { "start": { "line": 39, "column": 2 }, "end": { "line": 44, "column": 3 } },
        "locations": [{ "start": { "line": 39, "column": 2 }, "end": { "line": 44, "column": 3 } }]
      },
      "7": {
        "type": "branch",
        "line": 40,
        "loc": { "start": { "line": 40, "column": 27 }, "end": { "line": 42, "column": 5 } },
        "locations": [{ "start": { "line": 40, "column": 27 }, "end": { "line": 42, "column": 5 } }]
      },
      "8": {
        "type": "branch",
        "line": 42,
        "loc": { "start": { "line": 42, "column": 4 }, "end": { "line": 43, "column": 55 } },
        "locations": [{ "start": { "line": 42, "column": 4 }, "end": { "line": 43, "column": 55 } }]
      },
      "9": {
        "type": "branch",
        "line": 46,
        "loc": { "start": { "line": 46, "column": 2 }, "end": { "line": 51, "column": 3 } },
        "locations": [{ "start": { "line": 46, "column": 2 }, "end": { "line": 51, "column": 3 } }]
      },
      "10": {
        "type": "branch",
        "line": 49,
        "loc": { "start": { "line": 49, "column": 4 }, "end": { "line": 50, "column": 68 } },
        "locations": [{ "start": { "line": 49, "column": 4 }, "end": { "line": 50, "column": 68 } }]
      },
      "11": {
        "type": "branch",
        "line": 53,
        "loc": { "start": { "line": 53, "column": 2 }, "end": { "line": 56, "column": 3 } },
        "locations": [{ "start": { "line": 53, "column": 2 }, "end": { "line": 56, "column": 3 } }]
      },
      "12": {
        "type": "branch",
        "line": 63,
        "loc": { "start": { "line": 63, "column": 24 }, "end": { "line": 80, "column": 1 } },
        "locations": [{ "start": { "line": 63, "column": 24 }, "end": { "line": 80, "column": 1 } }]
      },
      "13": {
        "type": "branch",
        "line": 67,
        "loc": { "start": { "line": 67, "column": 2 }, "end": { "line": 70, "column": 3 } },
        "locations": [{ "start": { "line": 67, "column": 2 }, "end": { "line": 70, "column": 3 } }]
      },
      "14": {
        "type": "branch",
        "line": 72,
        "loc": { "start": { "line": 72, "column": 2 }, "end": { "line": 74, "column": 3 } },
        "locations": [{ "start": { "line": 72, "column": 2 }, "end": { "line": 74, "column": 3 } }]
      },
      "15": {
        "type": "branch",
        "line": 76,
        "loc": { "start": { "line": 76, "column": 2 }, "end": { "line": 79, "column": 3 } },
        "locations": [{ "start": { "line": 76, "column": 2 }, "end": { "line": 79, "column": 3 } }]
      }
    },
    "b": {
      "0": [278],
      "1": [1942],
      "2": [282],
      "3": [282],
      "4": [41],
      "5": [29],
      "6": [7],
      "7": [1],
      "8": [6],
      "9": [1],
      "10": [0],
      "11": [2],
      "12": [13],
      "13": [13],
      "14": [14],
      "15": [276]
    },
    "fnMap": {
      "0": {
        "name": "fnv1a",
        "decl": { "start": { "line": 9, "column": 14 }, "end": { "line": 16, "column": 2 } },
        "loc": { "start": { "line": 9, "column": 14 }, "end": { "line": 16, "column": 2 } },
        "line": 9
      },
      "1": {
        "name": "<instance_members_initializer>",
        "decl": { "start": { "line": 18, "column": 51 }, "end": { "line": 61, "column": 1 } },
        "loc": { "start": { "line": 18, "column": 51 }, "end": { "line": 61, "column": 1 } },
        "line": 18
      },
      "2": {
        "name": "DeterministicRng",
        "decl": { "start": { "line": 21, "column": 2 }, "end": { "line": 23, "column": 3 } },
        "loc": { "start": { "line": 21, "column": 2 }, "end": { "line": 23, "column": 3 } },
        "line": 21
      },
      "3": {
        "name": "nextUint32",
        "decl": { "start": { "line": 25, "column": 2 }, "end": { "line": 33, "column": 3 } },
        "loc": { "start": { "line": 25, "column": 2 }, "end": { "line": 33, "column": 3 } },
        "line": 25
      },
      "4": {
        "name": "nextFloat",
        "decl": { "start": { "line": 35, "column": 2 }, "end": { "line": 37, "column": 3 } },
        "loc": { "start": { "line": 35, "column": 2 }, "end": { "line": 37, "column": 3 } },
        "line": 35
      },
      "5": {
        "name": "nextInt",
        "decl": { "start": { "line": 39, "column": 2 }, "end": { "line": 44, "column": 3 } },
        "loc": { "start": { "line": 39, "column": 2 }, "end": { "line": 44, "column": 3 } },
        "line": 39
      },
      "6": {
        "name": "nextRange",
        "decl": { "start": { "line": 46, "column": 2 }, "end": { "line": 51, "column": 3 } },
        "loc": { "start": { "line": 46, "column": 2 }, "end": { "line": 51, "column": 3 } },
        "line": 46
      },
      "7": {
        "name": "fork",
        "decl": { "start": { "line": 53, "column": 2 }, "end": { "line": 56, "column": 3 } },
        "loc": { "start": { "line": 53, "column": 2 }, "end": { "line": 56, "column": 3 } },
        "line": 53
      },
      "8": {
        "name": "fromString",
        "decl": { "start": { "line": 58, "column": 9 }, "end": { "line": 60, "column": 3 } },
        "loc": { "start": { "line": 58, "column": 9 }, "end": { "line": 60, "column": 3 } },
        "line": 58
      },
      "9": {
        "name": "<instance_members_initializer>",
        "decl": { "start": { "line": 63, "column": 24 }, "end": { "line": 80, "column": 1 } },
        "loc": { "start": { "line": 63, "column": 24 }, "end": { "line": 80, "column": 1 } },
        "line": 63
      },
      "10": {
        "name": "RngService",
        "decl": { "start": { "line": 67, "column": 2 }, "end": { "line": 70, "column": 3 } },
        "loc": { "start": { "line": 67, "column": 2 }, "end": { "line": 70, "column": 3 } },
        "line": 67
      },
      "11": {
        "name": "setRoundSeed",
        "decl": { "start": { "line": 72, "column": 2 }, "end": { "line": 74, "column": 3 } },
        "loc": { "start": { "line": 72, "column": 2 }, "end": { "line": 74, "column": 3 } },
        "line": 72
      },
      "12": {
        "name": "stream",
        "decl": { "start": { "line": 76, "column": 2 }, "end": { "line": 79, "column": 3 } },
        "loc": { "start": { "line": 76, "column": 2 }, "end": { "line": 79, "column": 3 } },
        "line": 76
      }
    },
    "f": {
      "0": 278,
      "1": 282,
      "2": 282,
      "3": 41,
      "4": 29,
      "5": 7,
      "6": 1,
      "7": 2,
      "8": 0,
      "9": 13,
      "10": 13,
      "11": 14,
      "12": 276
    }
  },
  "/Users/alexledger/git/aled1027/mechabellum/src/data/index.ts": {
    "path": "/Users/alexledger/git/aled1027/mechabellum/src/data/index.ts",
    "all": false,
    "statementMap": {
      "0": { "start": { "line": 1, "column": 0 }, "end": { "line": 1, "column": 44 } },
      "1": { "start": { "line": 2, "column": 0 }, "end": { "line": 2, "column": 29 } },
      "2": { "start": { "line": 3, "column": 0 }, "end": { "line": 3, "column": 62 } },
      "3": { "start": { "line": 4, "column": 0 }, "end": { "line": 4, "column": 78 } },
      "4": { "start": { "line": 5, "column": 0 }, "end": { "line": 5, "column": 0 } },
      "5": { "start": { "line": 6, "column": 0 }, "end": { "line": 6, "column": 46 } },
      "6": { "start": { "line": 7, "column": 0 }, "end": { "line": 7, "column": 18 } },
      "7": { "start": { "line": 8, "column": 0 }, "end": { "line": 8, "column": 34 } },
      "8": { "start": { "line": 9, "column": 0 }, "end": { "line": 9, "column": 6 } },
      "9": { "start": { "line": 10, "column": 0 }, "end": { "line": 10, "column": 47 } },
      "10": { "start": { "line": 11, "column": 0 }, "end": { "line": 11, "column": 73 } },
      "11": { "start": { "line": 12, "column": 0 }, "end": { "line": 12, "column": 56 } },
      "12": { "start": { "line": 13, "column": 0 }, "end": { "line": 13, "column": 50 } },
      "13": { "start": { "line": 14, "column": 0 }, "end": { "line": 14, "column": 2 } },
      "14": { "start": { "line": 15, "column": 0 }, "end": { "line": 15, "column": 0 } },
      "15": { "start": { "line": 16, "column": 0 }, "end": { "line": 16, "column": 27 } }
    },
    "s": {
      "0": 1,
      "1": 1,
      "2": 1,
      "3": 1,
      "4": 1,
      "5": 1,
      "6": 11,
      "7": 11,
      "8": 11,
      "9": 11,
      "10": 11,
      "11": 11,
      "12": 11,
      "13": 11,
      "14": 1,
      "15": 1
    },
    "branchMap": {
      "0": {
        "type": "branch",
        "line": 6,
        "loc": { "start": { "line": 6, "column": 39 }, "end": { "line": 14, "column": 2 } },
        "locations": [{ "start": { "line": 6, "column": 39 }, "end": { "line": 14, "column": 2 } }]
      }
    },
    "b": { "0": [11] },
    "fnMap": {
      "0": {
        "name": "loadBundleWithOverrides",
        "decl": { "start": { "line": 6, "column": 39 }, "end": { "line": 14, "column": 2 } },
        "loc": { "start": { "line": 6, "column": 39 }, "end": { "line": 14, "column": 2 } },
        "line": 6
      }
    },
    "f": { "0": 11 }
  },
  "/Users/alexledger/git/aled1027/mechabellum/src/data/loader.ts": {
    "path": "/Users/alexledger/git/aled1027/mechabellum/src/data/loader.ts",
    "all": false,
    "statementMap": {
      "0": { "start": { "line": 1, "column": 0 }, "end": { "line": 1, "column": 44 } },
      "1": { "start": { "line": 2, "column": 0 }, "end": { "line": 2, "column": 32 } },
      "2": { "start": { "line": 3, "column": 0 }, "end": { "line": 3, "column": 29 } },
      "3": { "start": { "line": 4, "column": 0 }, "end": { "line": 4, "column": 65 } },
      "4": { "start": { "line": 5, "column": 0 }, "end": { "line": 5, "column": 0 } },
      "5": { "start": { "line": 6, "column": 0 }, "end": { "line": 6, "column": 36 } },
      "6": { "start": { "line": 7, "column": 0 }, "end": { "line": 7, "column": 18 } },
      "7": { "start": { "line": 8, "column": 0 }, "end": { "line": 8, "column": 28 } },
      "8": { "start": { "line": 9, "column": 0 }, "end": { "line": 9, "column": 1 } },
      "9": { "start": { "line": 10, "column": 0 }, "end": { "line": 10, "column": 0 } },
      "10": { "start": { "line": 11, "column": 0 }, "end": { "line": 11, "column": 79 } },
      "11": { "start": { "line": 12, "column": 0 }, "end": { "line": 12, "column": 53 } },
      "12": { "start": { "line": 13, "column": 0 }, "end": { "line": 13, "column": 48 } },
      "13": { "start": { "line": 14, "column": 0 }, "end": { "line": 14, "column": 33 } },
      "14": { "start": { "line": 15, "column": 0 }, "end": { "line": 15, "column": 40 } },
      "15": { "start": { "line": 16, "column": 0 }, "end": { "line": 16, "column": 2 } },
      "16": { "start": { "line": 17, "column": 0 }, "end": { "line": 17, "column": 0 } },
      "17": { "start": { "line": 18, "column": 0 }, "end": { "line": 18, "column": 24 } },
      "18": { "start": { "line": 19, "column": 0 }, "end": { "line": 19, "column": 27 } },
      "19": { "start": { "line": 20, "column": 0 }, "end": { "line": 20, "column": 69 } },
      "20": { "start": { "line": 21, "column": 0 }, "end": { "line": 21, "column": 0 } },
      "21": { "start": { "line": 22, "column": 0 }, "end": { "line": 22, "column": 36 } },
      "22": { "start": { "line": 23, "column": 0 }, "end": { "line": 23, "column": 24 } },
      "23": { "start": { "line": 24, "column": 0 }, "end": { "line": 24, "column": 3 } },
      "24": { "start": { "line": 25, "column": 0 }, "end": { "line": 25, "column": 0 } },
      "25": { "start": { "line": 26, "column": 0 }, "end": { "line": 26, "column": 29 } },
      "26": { "start": { "line": 27, "column": 0 }, "end": { "line": 27, "column": 21 } },
      "27": { "start": { "line": 28, "column": 0 }, "end": { "line": 28, "column": 3 } },
      "28": { "start": { "line": 29, "column": 0 }, "end": { "line": 29, "column": 0 } },
      "29": { "start": { "line": 30, "column": 0 }, "end": { "line": 30, "column": 63 } },
      "30": { "start": { "line": 31, "column": 0 }, "end": { "line": 31, "column": 34 } },
      "31": { "start": { "line": 32, "column": 0 }, "end": { "line": 32, "column": 18 } },
      "32": { "start": { "line": 33, "column": 0 }, "end": { "line": 33, "column": 51 } },
      "33": { "start": { "line": 34, "column": 0 }, "end": { "line": 34, "column": 21 } },
      "34": { "start": { "line": 35, "column": 0 }, "end": { "line": 35, "column": 38 } },
      "35": { "start": { "line": 36, "column": 0 }, "end": { "line": 36, "column": 7 } },
      "36": { "start": { "line": 37, "column": 0 }, "end": { "line": 37, "column": 6 } },
      "37": { "start": { "line": 38, "column": 0 }, "end": { "line": 38, "column": 3 } },
      "38": { "start": { "line": 39, "column": 0 }, "end": { "line": 39, "column": 0 } },
      "39": { "start": { "line": 40, "column": 0 }, "end": { "line": 40, "column": 34 } },
      "40": { "start": { "line": 41, "column": 0 }, "end": { "line": 41, "column": 21 } },
      "41": { "start": { "line": 42, "column": 0 }, "end": { "line": 42, "column": 44 } },
      "42": { "start": { "line": 43, "column": 0 }, "end": { "line": 43, "column": 26 } },
      "43": { "start": { "line": 44, "column": 0 }, "end": { "line": 44, "column": 5 } },
      "44": { "start": { "line": 45, "column": 0 }, "end": { "line": 45, "column": 3 } },
      "45": { "start": { "line": 46, "column": 0 }, "end": { "line": 46, "column": 1 } },
      "46": { "start": { "line": 47, "column": 0 }, "end": { "line": 47, "column": 0 } },
      "47": { "start": { "line": 48, "column": 0 }, "end": { "line": 48, "column": 90 } },
      "48": { "start": { "line": 49, "column": 0 }, "end": { "line": 49, "column": 56 } },
      "49": { "start": { "line": 50, "column": 0 }, "end": { "line": 50, "column": 39 } },
      "50": { "start": { "line": 51, "column": 0 }, "end": { "line": 51, "column": 0 } },
      "51": { "start": { "line": 52, "column": 0 }, "end": { "line": 52, "column": 32 } },
      "52": { "start": { "line": 53, "column": 0 }, "end": { "line": 53, "column": 65 } },
      "53": { "start": { "line": 54, "column": 0 }, "end": { "line": 54, "column": 35 } },
      "54": { "start": { "line": 55, "column": 0 }, "end": { "line": 55, "column": 11 } },
      "55": { "start": { "line": 56, "column": 0 }, "end": { "line": 56, "column": 62 } },
      "56": { "start": { "line": 57, "column": 0 }, "end": { "line": 57, "column": 30 } },
      "57": { "start": { "line": 58, "column": 0 }, "end": { "line": 58, "column": 23 } },
      "58": { "start": { "line": 59, "column": 0 }, "end": { "line": 59, "column": 65 } },
      "59": { "start": { "line": 60, "column": 0 }, "end": { "line": 60, "column": 7 } },
      "60": { "start": { "line": 61, "column": 0 }, "end": { "line": 61, "column": 7 } },
      "61": { "start": { "line": 62, "column": 0 }, "end": { "line": 62, "column": 3 } },
      "62": { "start": { "line": 63, "column": 0 }, "end": { "line": 63, "column": 0 } },
      "63": { "start": { "line": 64, "column": 0 }, "end": { "line": 64, "column": 15 } },
      "64": { "start": { "line": 65, "column": 0 }, "end": { "line": 65, "column": 2 } }
    },
    "s": {
      "0": 1,
      "1": 1,
      "2": 1,
      "3": 1,
      "4": 1,
      "5": 1,
      "6": 1,
      "7": 1,
      "8": 1,
      "9": 1,
      "10": 1,
      "11": 14,
      "12": 14,
      "13": 14,
      "14": 14,
      "15": 14,
      "16": 1,
      "17": 1,
      "18": 2,
      "19": 2,
      "20": 2,
      "21": 2,
      "22": 2,
      "23": 2,
      "24": 2,
      "25": 2,
      "26": 1,
      "27": 1,
      "28": 2,
      "29": 2,
      "30": 1,
      "31": 1,
      "32": 1,
      "33": 1,
      "34": 1,
      "35": 1,
      "36": 1,
      "37": 1,
      "38": 2,
      "39": 2,
      "40": 2,
      "41": 2,
      "42": 1,
      "43": 1,
      "44": 2,
      "45": 2,
      "46": 1,
      "47": 1,
      "48": 1,
      "49": 1,
      "50": 1,
      "51": 1,
      "52": 0,
      "53": 0,
      "54": 0,
      "55": 0,
      "56": 0,
      "57": 0,
      "58": 0,
      "59": 0,
      "60": 0,
      "61": 0,
      "62": 1,
      "63": 1,
      "64": 1
    },
    "branchMap": {
      "0": {
        "type": "branch",
        "line": 11,
        "loc": { "start": { "line": 11, "column": 30 }, "end": { "line": 16, "column": 2 } },
        "locations": [{ "start": { "line": 11, "column": 30 }, "end": { "line": 16, "column": 2 } }]
      },
      "1": {
        "type": "branch",
        "line": 18,
        "loc": { "start": { "line": 18, "column": 23 }, "end": { "line": 46, "column": 1 } },
        "locations": [{ "start": { "line": 18, "column": 23 }, "end": { "line": 46, "column": 1 } }]
      },
      "2": {
        "type": "branch",
        "line": 22,
        "loc": { "start": { "line": 22, "column": 2 }, "end": { "line": 24, "column": 3 } },
        "locations": [{ "start": { "line": 22, "column": 2 }, "end": { "line": 24, "column": 3 } }]
      },
      "3": {
        "type": "branch",
        "line": 26,
        "loc": { "start": { "line": 26, "column": 2 }, "end": { "line": 28, "column": 3 } },
        "locations": [{ "start": { "line": 26, "column": 2 }, "end": { "line": 28, "column": 3 } }]
      },
      "4": {
        "type": "branch",
        "line": 30,
        "loc": { "start": { "line": 30, "column": 2 }, "end": { "line": 38, "column": 3 } },
        "locations": [{ "start": { "line": 30, "column": 2 }, "end": { "line": 38, "column": 3 } }]
      },
      "5": {
        "type": "branch",
        "line": 32,
        "loc": { "start": { "line": 32, "column": 11 }, "end": { "line": 37, "column": 6 } },
        "locations": [{ "start": { "line": 32, "column": 11 }, "end": { "line": 37, "column": 6 } }]
      },
      "6": {
        "type": "branch",
        "line": 40,
        "loc": { "start": { "line": 40, "column": 2 }, "end": { "line": 45, "column": 3 } },
        "locations": [{ "start": { "line": 40, "column": 2 }, "end": { "line": 45, "column": 3 } }]
      },
      "7": {
        "type": "branch",
        "line": 42,
        "loc": { "start": { "line": 42, "column": 43 }, "end": { "line": 44, "column": 5 } },
        "locations": [{ "start": { "line": 42, "column": 43 }, "end": { "line": 44, "column": 5 } }]
      },
      "8": {
        "type": "branch",
        "line": 48,
        "loc": { "start": { "line": 48, "column": 31 }, "end": { "line": 65, "column": 2 } },
        "locations": [{ "start": { "line": 48, "column": 31 }, "end": { "line": 65, "column": 2 } }]
      },
      "9": {
        "type": "branch",
        "line": 52,
        "loc": { "start": { "line": 52, "column": 31 }, "end": { "line": 62, "column": 3 } },
        "locations": [{ "start": { "line": 52, "column": 31 }, "end": { "line": 62, "column": 3 } }]
      }
    },
    "b": {
      "0": [14],
      "1": [2],
      "2": [2],
      "3": [1],
      "4": [1],
      "5": [1],
      "6": [2],
      "7": [1],
      "8": [1],
      "9": [0]
    },
    "fnMap": {
      "0": {
        "name": "loadDataBundle",
        "decl": { "start": { "line": 11, "column": 30 }, "end": { "line": 16, "column": 2 } },
        "loc": { "start": { "line": 11, "column": 30 }, "end": { "line": 16, "column": 2 } },
        "line": 11
      },
      "1": {
        "name": "<instance_members_initializer>",
        "decl": { "start": { "line": 18, "column": 23 }, "end": { "line": 46, "column": 1 } },
        "loc": { "start": { "line": 18, "column": 23 }, "end": { "line": 46, "column": 1 } },
        "line": 18
      },
      "2": {
        "name": "DataStore",
        "decl": { "start": { "line": 22, "column": 2 }, "end": { "line": 24, "column": 3 } },
        "loc": { "start": { "line": 22, "column": 2 }, "end": { "line": 24, "column": 3 } },
        "line": 22
      },
      "3": {
        "name": "getSnapshot",
        "decl": { "start": { "line": 26, "column": 2 }, "end": { "line": 28, "column": 3 } },
        "loc": { "start": { "line": 26, "column": 2 }, "end": { "line": 28, "column": 3 } },
        "line": 26
      },
      "4": {
        "name": "subscribe",
        "decl": { "start": { "line": 30, "column": 2 }, "end": { "line": 38, "column": 3 } },
        "loc": { "start": { "line": 30, "column": 2 }, "end": { "line": 38, "column": 3 } },
        "line": 30
      },
      "5": {
        "name": "update",
        "decl": { "start": { "line": 40, "column": 2 }, "end": { "line": 45, "column": 3 } },
        "loc": { "start": { "line": 40, "column": 2 }, "end": { "line": 45, "column": 3 } },
        "line": 40
      },
      "6": {
        "name": "createDataStore",
        "decl": { "start": { "line": 48, "column": 31 }, "end": { "line": 65, "column": 2 } },
        "loc": { "start": { "line": 48, "column": 31 }, "end": { "line": 65, "column": 2 } },
        "line": 48
      }
    },
    "f": { "0": 14, "1": 2, "2": 2, "3": 1, "4": 1, "5": 2, "6": 1 }
  },
  "/Users/alexledger/git/aled1027/mechabellum/src/data/overrides.ts": {
    "path": "/Users/alexledger/git/aled1027/mechabellum/src/data/overrides.ts",
    "all": false,
    "statementMap": {
      "0": { "start": { "line": 1, "column": 0 }, "end": { "line": 1, "column": 13 } },
      "1": { "start": { "line": 2, "column": 0 }, "end": { "line": 2, "column": 13 } },
      "2": { "start": { "line": 3, "column": 0 }, "end": { "line": 3, "column": 17 } },
      "3": { "start": { "line": 4, "column": 0 }, "end": { "line": 4, "column": 17 } },
      "4": { "start": { "line": 5, "column": 0 }, "end": { "line": 5, "column": 17 } },
      "5": { "start": { "line": 6, "column": 0 }, "end": { "line": 6, "column": 22 } },
      "6": { "start": { "line": 7, "column": 0 }, "end": { "line": 7, "column": 22 } },
      "7": { "start": { "line": 8, "column": 0 }, "end": { "line": 8, "column": 0 } },
      "8": { "start": { "line": 9, "column": 0 }, "end": { "line": 9, "column": 59 } },
      "9": { "start": { "line": 10, "column": 0 }, "end": { "line": 10, "column": 0 } },
      "10": { "start": { "line": 11, "column": 0 }, "end": { "line": 11, "column": 35 } },
      "11": { "start": { "line": 12, "column": 0 }, "end": { "line": 12, "column": 47 } },
      "12": { "start": { "line": 13, "column": 0 }, "end": { "line": 13, "column": 47 } },
      "13": { "start": { "line": 14, "column": 0 }, "end": { "line": 14, "column": 47 } },
      "14": { "start": { "line": 15, "column": 0 }, "end": { "line": 15, "column": 59 } },
      "15": { "start": { "line": 16, "column": 0 }, "end": { "line": 16, "column": 1 } },
      "16": { "start": { "line": 17, "column": 0 }, "end": { "line": 17, "column": 0 } },
      "17": { "start": { "line": 18, "column": 0 }, "end": { "line": 18, "column": 54 } },
      "18": { "start": { "line": 19, "column": 0 }, "end": { "line": 19, "column": 12 } },
      "19": { "start": { "line": 20, "column": 0 }, "end": { "line": 20, "column": 48 } },
      "20": { "start": { "line": 21, "column": 0 }, "end": { "line": 21, "column": 11 } },
      "21": { "start": { "line": 22, "column": 0 }, "end": { "line": 22, "column": 45 } },
      "22": { "start": { "line": 23, "column": 0 }, "end": { "line": 23, "column": 16 } },
      "23": { "start": { "line": 24, "column": 0 }, "end": { "line": 24, "column": 3 } },
      "24": { "start": { "line": 25, "column": 0 }, "end": { "line": 25, "column": 59 } },
      "25": { "start": { "line": 26, "column": 0 }, "end": { "line": 26, "column": 34 } },
      "26": { "start": { "line": 27, "column": 0 }, "end": { "line": 27, "column": 39 } },
      "27": { "start": { "line": 28, "column": 0 }, "end": { "line": 28, "column": 19 } },
      "28": { "start": { "line": 29, "column": 0 }, "end": { "line": 29, "column": 51 } },
      "29": { "start": { "line": 30, "column": 0 }, "end": { "line": 30, "column": 5 } },
      "30": { "start": { "line": 31, "column": 0 }, "end": { "line": 31, "column": 3 } },
      "31": { "start": { "line": 32, "column": 0 }, "end": { "line": 32, "column": 34 } },
      "32": { "start": { "line": 33, "column": 0 }, "end": { "line": 33, "column": 2 } },
      "33": { "start": { "line": 34, "column": 0 }, "end": { "line": 34, "column": 0 } },
      "34": { "start": { "line": 35, "column": 0 }, "end": { "line": 35, "column": 38 } },
      "35": { "start": { "line": 36, "column": 0 }, "end": { "line": 36, "column": 21 } },
      "36": { "start": { "line": 37, "column": 0 }, "end": { "line": 37, "column": 29 } },
      "37": { "start": { "line": 38, "column": 0 }, "end": { "line": 38, "column": 18 } },
      "38": { "start": { "line": 39, "column": 0 }, "end": { "line": 39, "column": 10 } },
      "39": { "start": { "line": 40, "column": 0 }, "end": { "line": 40, "column": 61 } },
      "40": { "start": { "line": 41, "column": 0 }, "end": { "line": 41, "column": 61 } },
      "41": { "start": { "line": 42, "column": 0 }, "end": { "line": 42, "column": 61 } },
      "42": { "start": { "line": 43, "column": 0 }, "end": { "line": 43, "column": 78 } },
      "43": { "start": { "line": 44, "column": 0 }, "end": { "line": 44, "column": 4 } },
      "44": { "start": { "line": 45, "column": 0 }, "end": { "line": 45, "column": 2 } }
    },
    "s": {
      "0": 1,
      "1": 1,
      "2": 1,
      "3": 1,
      "4": 1,
      "5": 1,
      "6": 1,
      "7": 1,
      "8": 1,
      "9": 1,
      "10": 1,
      "11": 1,
      "12": 1,
      "13": 1,
      "14": 1,
      "15": 1,
      "16": 1,
      "17": 1,
      "18": 48,
      "19": 48,
      "20": 48,
      "21": 48,
      "22": 47,
      "23": 47,
      "24": 1,
      "25": 1,
      "26": 1,
      "27": 1,
      "28": 1,
      "29": 1,
      "30": 1,
      "31": 1,
      "32": 1,
      "33": 1,
      "34": 1,
      "35": 12,
      "36": 12,
      "37": 12,
      "38": 12,
      "39": 12,
      "40": 12,
      "41": 12,
      "42": 12,
      "43": 12,
      "44": 12
    },
    "branchMap": {
      "0": {
        "type": "branch",
        "line": 18,
        "loc": { "start": { "line": 18, "column": 27 }, "end": { "line": 33, "column": 2 } },
        "locations": [{ "start": { "line": 18, "column": 27 }, "end": { "line": 33, "column": 2 } }]
      },
      "1": {
        "type": "branch",
        "line": 22,
        "loc": { "start": { "line": 22, "column": 7 }, "end": { "line": 22, "column": 44 } },
        "locations": [{ "start": { "line": 22, "column": 7 }, "end": { "line": 22, "column": 44 } }]
      },
      "2": {
        "type": "branch",
        "line": 22,
        "loc": { "start": { "line": 22, "column": 44 }, "end": { "line": 24, "column": 3 } },
        "locations": [{ "start": { "line": 22, "column": 44 }, "end": { "line": 24, "column": 3 } }]
      },
      "3": {
        "type": "branch",
        "line": 24,
        "loc": { "start": { "line": 24, "column": 2 }, "end": { "line": 33, "column": 2 } },
        "locations": [{ "start": { "line": 24, "column": 2 }, "end": { "line": 33, "column": 2 } }]
      },
      "4": {
        "type": "branch",
        "line": 25,
        "loc": { "start": { "line": 25, "column": 31 }, "end": { "line": 25, "column": 56 } },
        "locations": [
          { "start": { "line": 25, "column": 31 }, "end": { "line": 25, "column": 56 } }
        ]
      },
      "5": {
        "type": "branch",
        "line": 35,
        "loc": { "start": { "line": 35, "column": 37 }, "end": { "line": 45, "column": 2 } },
        "locations": [{ "start": { "line": 35, "column": 37 }, "end": { "line": 45, "column": 2 } }]
      }
    },
    "b": { "0": [48], "1": [45], "2": [47], "3": [1], "4": [2], "5": [12] },
    "fnMap": {
      "0": {
        "name": "applyListOverrides",
        "decl": { "start": { "line": 18, "column": 27 }, "end": { "line": 33, "column": 2 } },
        "loc": { "start": { "line": 18, "column": 27 }, "end": { "line": 33, "column": 2 } },
        "line": 18
      },
      "1": {
        "name": "applyBalanceOverrides",
        "decl": { "start": { "line": 35, "column": 37 }, "end": { "line": 45, "column": 2 } },
        "loc": { "start": { "line": 35, "column": 37 }, "end": { "line": 45, "column": 2 } },
        "line": 35
      }
    },
    "f": { "0": 48, "1": 12 }
  },
  "/Users/alexledger/git/aled1027/mechabellum/src/data/schemas.ts": {
    "path": "/Users/alexledger/git/aled1027/mechabellum/src/data/schemas.ts",
    "all": false,
    "statementMap": {
      "0": { "start": { "line": 1, "column": 0 }, "end": { "line": 1, "column": 24 } },
      "1": { "start": { "line": 2, "column": 0 }, "end": { "line": 2, "column": 0 } },
      "2": { "start": { "line": 3, "column": 0 }, "end": { "line": 3, "column": 91 } },
      "3": { "start": { "line": 4, "column": 0 }, "end": { "line": 4, "column": 70 } },
      "4": { "start": { "line": 5, "column": 0 }, "end": { "line": 5, "column": 65 } },
      "5": { "start": { "line": 6, "column": 0 }, "end": { "line": 6, "column": 86 } },
      "6": { "start": { "line": 7, "column": 0 }, "end": { "line": 7, "column": 0 } },
      "7": { "start": { "line": 8, "column": 0 }, "end": { "line": 8, "column": 43 } },
      "8": { "start": { "line": 9, "column": 0 }, "end": { "line": 9, "column": 31 } },
      "9": { "start": { "line": 10, "column": 0 }, "end": { "line": 10, "column": 34 } },
      "10": { "start": { "line": 11, "column": 0 }, "end": { "line": 11, "column": 34 } },
      "11": { "start": { "line": 12, "column": 0 }, "end": { "line": 12, "column": 3 } },
      "12": { "start": { "line": 13, "column": 0 }, "end": { "line": 13, "column": 0 } },
      "13": { "start": { "line": 14, "column": 0 }, "end": { "line": 14, "column": 41 } },
      "14": { "start": { "line": 15, "column": 0 }, "end": { "line": 15, "column": 28 } },
      "15": { "start": { "line": 16, "column": 0 }, "end": { "line": 16, "column": 45 } },
      "16": { "start": { "line": 17, "column": 0 }, "end": { "line": 17, "column": 46 } },
      "17": { "start": { "line": 18, "column": 0 }, "end": { "line": 18, "column": 35 } },
      "18": { "start": { "line": 19, "column": 0 }, "end": { "line": 19, "column": 31 } },
      "19": { "start": { "line": 20, "column": 0 }, "end": { "line": 20, "column": 37 } },
      "20": { "start": { "line": 21, "column": 0 }, "end": { "line": 21, "column": 34 } },
      "21": { "start": { "line": 22, "column": 0 }, "end": { "line": 22, "column": 55 } },
      "22": { "start": { "line": 23, "column": 0 }, "end": { "line": 23, "column": 49 } },
      "23": { "start": { "line": 24, "column": 0 }, "end": { "line": 24, "column": 38 } },
      "24": { "start": { "line": 25, "column": 0 }, "end": { "line": 25, "column": 39 } },
      "25": { "start": { "line": 26, "column": 0 }, "end": { "line": 26, "column": 52 } },
      "26": { "start": { "line": 27, "column": 0 }, "end": { "line": 27, "column": 52 } },
      "27": { "start": { "line": 28, "column": 0 }, "end": { "line": 28, "column": 48 } },
      "28": { "start": { "line": 29, "column": 0 }, "end": { "line": 29, "column": 49 } },
      "29": { "start": { "line": 30, "column": 0 }, "end": { "line": 30, "column": 37 } },
      "30": { "start": { "line": 31, "column": 0 }, "end": { "line": 31, "column": 66 } },
      "31": { "start": { "line": 32, "column": 0 }, "end": { "line": 32, "column": 54 } },
      "32": { "start": { "line": 33, "column": 0 }, "end": { "line": 33, "column": 3 } },
      "33": { "start": { "line": 34, "column": 0 }, "end": { "line": 34, "column": 0 } },
      "34": { "start": { "line": 35, "column": 0 }, "end": { "line": 35, "column": 36 } },
      "35": { "start": { "line": 36, "column": 0 }, "end": { "line": 36, "column": 24 } },
      "36": { "start": { "line": 37, "column": 0 }, "end": { "line": 37, "column": 26 } },
      "37": { "start": { "line": 38, "column": 0 }, "end": { "line": 38, "column": 39 } },
      "38": { "start": { "line": 39, "column": 0 }, "end": { "line": 39, "column": 26 } },
      "39": { "start": { "line": 40, "column": 0 }, "end": { "line": 40, "column": 25 } },
      "40": { "start": { "line": 41, "column": 0 }, "end": { "line": 41, "column": 39 } },
      "41": { "start": { "line": 42, "column": 0 }, "end": { "line": 42, "column": 25 } },
      "42": { "start": { "line": 43, "column": 0 }, "end": { "line": 43, "column": 39 } },
      "43": { "start": { "line": 44, "column": 0 }, "end": { "line": 44, "column": 3 } },
      "44": { "start": { "line": 45, "column": 0 }, "end": { "line": 45, "column": 0 } },
      "45": { "start": { "line": 46, "column": 0 }, "end": { "line": 46, "column": 36 } },
      "46": { "start": { "line": 47, "column": 0 }, "end": { "line": 47, "column": 24 } },
      "47": { "start": { "line": 48, "column": 0 }, "end": { "line": 48, "column": 26 } },
      "48": { "start": { "line": 49, "column": 0 }, "end": { "line": 49, "column": 33 } },
      "49": { "start": { "line": 50, "column": 0 }, "end": { "line": 50, "column": 39 } },
      "50": { "start": { "line": 51, "column": 0 }, "end": { "line": 51, "column": 50 } },
      "51": { "start": { "line": 52, "column": 0 }, "end": { "line": 52, "column": 54 } },
      "52": { "start": { "line": 53, "column": 0 }, "end": { "line": 53, "column": 57 } },
      "53": { "start": { "line": 54, "column": 0 }, "end": { "line": 54, "column": 3 } },
      "54": { "start": { "line": 55, "column": 0 }, "end": { "line": 55, "column": 0 } },
      "55": { "start": { "line": 56, "column": 0 }, "end": { "line": 56, "column": 36 } },
      "56": { "start": { "line": 57, "column": 0 }, "end": { "line": 57, "column": 24 } },
      "57": { "start": { "line": 58, "column": 0 }, "end": { "line": 58, "column": 26 } },
      "58": { "start": { "line": 59, "column": 0 }, "end": { "line": 59, "column": 58 } },
      "59": { "start": { "line": 60, "column": 0 }, "end": { "line": 60, "column": 33 } },
      "60": { "start": { "line": 61, "column": 0 }, "end": { "line": 61, "column": 50 } },
      "61": { "start": { "line": 62, "column": 0 }, "end": { "line": 62, "column": 55 } },
      "62": { "start": { "line": 63, "column": 0 }, "end": { "line": 63, "column": 3 } },
      "63": { "start": { "line": 64, "column": 0 }, "end": { "line": 64, "column": 0 } },
      "64": { "start": { "line": 65, "column": 0 }, "end": { "line": 65, "column": 42 } },
      "65": { "start": { "line": 66, "column": 0 }, "end": { "line": 66, "column": 24 } },
      "66": { "start": { "line": 67, "column": 0 }, "end": { "line": 67, "column": 26 } },
      "67": { "start": { "line": 68, "column": 0 }, "end": { "line": 68, "column": 33 } },
      "68": { "start": { "line": 69, "column": 0 }, "end": { "line": 69, "column": 43 } },
      "69": { "start": { "line": 70, "column": 0 }, "end": { "line": 70, "column": 3 } },
      "70": { "start": { "line": 71, "column": 0 }, "end": { "line": 71, "column": 0 } },
      "71": { "start": { "line": 72, "column": 0 }, "end": { "line": 72, "column": 42 } },
      "72": { "start": { "line": 73, "column": 0 }, "end": { "line": 73, "column": 29 } },
      "73": { "start": { "line": 74, "column": 0 }, "end": { "line": 74, "column": 29 } },
      "74": { "start": { "line": 75, "column": 0 }, "end": { "line": 75, "column": 29 } },
      "75": { "start": { "line": 76, "column": 0 }, "end": { "line": 76, "column": 40 } },
      "76": { "start": { "line": 77, "column": 0 }, "end": { "line": 77, "column": 3 } },
      "77": { "start": { "line": 78, "column": 0 }, "end": { "line": 78, "column": 0 } },
      "78": { "start": { "line": 79, "column": 0 }, "end": { "line": 79, "column": 58 } },
      "79": { "start": { "line": 80, "column": 0 }, "end": { "line": 80, "column": 66 } },
      "80": { "start": { "line": 81, "column": 0 }, "end": { "line": 81, "column": 56 } },
      "81": { "start": { "line": 82, "column": 0 }, "end": { "line": 82, "column": 70 } },
      "82": { "start": { "line": 83, "column": 0 }, "end": { "line": 83, "column": 56 } },
      "83": { "start": { "line": 84, "column": 0 }, "end": { "line": 84, "column": 56 } },
      "84": { "start": { "line": 85, "column": 0 }, "end": { "line": 85, "column": 56 } },
      "85": { "start": { "line": 86, "column": 0 }, "end": { "line": 86, "column": 68 } },
      "86": { "start": { "line": 87, "column": 0 }, "end": { "line": 87, "column": 58 } }
    },
    "s": {
      "0": 1,
      "1": 1,
      "2": 1,
      "3": 1,
      "4": 1,
      "5": 1,
      "6": 1,
      "7": 1,
      "8": 1,
      "9": 1,
      "10": 1,
      "11": 1,
      "12": 1,
      "13": 1,
      "14": 1,
      "15": 1,
      "16": 1,
      "17": 1,
      "18": 1,
      "19": 1,
      "20": 1,
      "21": 1,
      "22": 1,
      "23": 1,
      "24": 1,
      "25": 1,
      "26": 1,
      "27": 1,
      "28": 1,
      "29": 1,
      "30": 1,
      "31": 1,
      "32": 1,
      "33": 1,
      "34": 1,
      "35": 1,
      "36": 1,
      "37": 1,
      "38": 1,
      "39": 1,
      "40": 1,
      "41": 1,
      "42": 1,
      "43": 1,
      "44": 1,
      "45": 1,
      "46": 1,
      "47": 1,
      "48": 1,
      "49": 1,
      "50": 1,
      "51": 1,
      "52": 1,
      "53": 1,
      "54": 1,
      "55": 1,
      "56": 1,
      "57": 1,
      "58": 1,
      "59": 1,
      "60": 1,
      "61": 1,
      "62": 1,
      "63": 1,
      "64": 1,
      "65": 1,
      "66": 1,
      "67": 1,
      "68": 1,
      "69": 1,
      "70": 1,
      "71": 1,
      "72": 1,
      "73": 1,
      "74": 1,
      "75": 1,
      "76": 1,
      "77": 1,
      "78": 1,
      "79": 1,
      "80": 1,
      "81": 1,
      "82": 1,
      "83": 1,
      "84": 1,
      "85": 1,
      "86": 1
    },
    "branchMap": {},
    "b": {},
    "fnMap": {},
    "f": {}
  },
  "/Users/alexledger/git/aled1027/mechabellum/src/game/economy.ts": {
    "path": "/Users/alexledger/git/aled1027/mechabellum/src/game/economy.ts",
    "all": false,
    "statementMap": {
      "0": { "start": { "line": 1, "column": 0 }, "end": { "line": 1, "column": 50 } },
      "1": { "start": { "line": 2, "column": 0 }, "end": { "line": 2, "column": 0 } },
      "2": { "start": { "line": 3, "column": 0 }, "end": { "line": 3, "column": 32 } },
      "3": { "start": { "line": 4, "column": 0 }, "end": { "line": 4, "column": 21 } },
      "4": { "start": { "line": 5, "column": 0 }, "end": { "line": 5, "column": 19 } },
      "5": { "start": { "line": 6, "column": 0 }, "end": { "line": 6, "column": 28 } },
      "6": { "start": { "line": 7, "column": 0 }, "end": { "line": 7, "column": 23 } },
      "7": { "start": { "line": 8, "column": 0 }, "end": { "line": 8, "column": 23 } },
      "8": { "start": { "line": 9, "column": 0 }, "end": { "line": 9, "column": 22 } },
      "9": { "start": { "line": 10, "column": 0 }, "end": { "line": 10, "column": 1 } },
      "10": { "start": { "line": 11, "column": 0 }, "end": { "line": 11, "column": 0 } },
      "11": { "start": { "line": 12, "column": 0 }, "end": { "line": 12, "column": 31 } },
      "12": { "start": { "line": 13, "column": 0 }, "end": { "line": 13, "column": 20 } },
      "13": { "start": { "line": 14, "column": 0 }, "end": { "line": 14, "column": 22 } },
      "14": { "start": { "line": 15, "column": 0 }, "end": { "line": 15, "column": 1 } },
      "15": { "start": { "line": 16, "column": 0 }, "end": { "line": 16, "column": 0 } },
      "16": { "start": { "line": 17, "column": 0 }, "end": { "line": 17, "column": 37 } },
      "17": { "start": { "line": 18, "column": 0 }, "end": { "line": 18, "column": 18 } },
      "18": { "start": { "line": 19, "column": 0 }, "end": { "line": 19, "column": 20 } },
      "19": { "start": { "line": 20, "column": 0 }, "end": { "line": 20, "column": 21 } },
      "20": { "start": { "line": 21, "column": 0 }, "end": { "line": 21, "column": 1 } },
      "21": { "start": { "line": 22, "column": 0 }, "end": { "line": 22, "column": 0 } },
      "22": { "start": { "line": 23, "column": 0 }, "end": { "line": 23, "column": 41 } },
      "23": { "start": { "line": 24, "column": 0 }, "end": { "line": 24, "column": 21 } },
      "24": { "start": { "line": 25, "column": 0 }, "end": { "line": 25, "column": 19 } },
      "25": { "start": { "line": 26, "column": 0 }, "end": { "line": 26, "column": 20 } },
      "26": { "start": { "line": 27, "column": 0 }, "end": { "line": 27, "column": 19 } },
      "27": { "start": { "line": 28, "column": 0 }, "end": { "line": 28, "column": 16 } },
      "28": { "start": { "line": 29, "column": 0 }, "end": { "line": 29, "column": 1 } },
      "29": { "start": { "line": 30, "column": 0 }, "end": { "line": 30, "column": 0 } },
      "30": { "start": { "line": 31, "column": 0 }, "end": { "line": 31, "column": 32 } },
      "31": { "start": { "line": 32, "column": 0 }, "end": { "line": 32, "column": 30 } },
      "32": { "start": { "line": 33, "column": 0 }, "end": { "line": 33, "column": 33 } },
      "33": { "start": { "line": 34, "column": 0 }, "end": { "line": 34, "column": 1 } },
      "34": { "start": { "line": 35, "column": 0 }, "end": { "line": 35, "column": 0 } },
      "35": { "start": { "line": 36, "column": 0 }, "end": { "line": 36, "column": 37 } },
      "36": { "start": { "line": 37, "column": 0 }, "end": { "line": 37, "column": 19 } },
      "37": { "start": { "line": 38, "column": 0 }, "end": { "line": 38, "column": 18 } },
      "38": { "start": { "line": 39, "column": 0 }, "end": { "line": 39, "column": 21 } },
      "39": { "start": { "line": 40, "column": 0 }, "end": { "line": 40, "column": 15 } },
      "40": { "start": { "line": 41, "column": 0 }, "end": { "line": 41, "column": 1 } },
      "41": { "start": { "line": 42, "column": 0 }, "end": { "line": 42, "column": 0 } },
      "42": { "start": { "line": 43, "column": 0 }, "end": { "line": 43, "column": 52 } },
      "43": { "start": { "line": 44, "column": 0 }, "end": { "line": 44, "column": 17 } },
      "44": { "start": { "line": 45, "column": 0 }, "end": { "line": 45, "column": 14 } },
      "45": { "start": { "line": 46, "column": 0 }, "end": { "line": 46, "column": 23 } },
      "46": { "start": { "line": 47, "column": 0 }, "end": { "line": 47, "column": 18 } },
      "47": { "start": { "line": 48, "column": 0 }, "end": { "line": 48, "column": 20 } },
      "48": { "start": { "line": 49, "column": 0 }, "end": { "line": 49, "column": 17 } },
      "49": { "start": { "line": 50, "column": 0 }, "end": { "line": 50, "column": 2 } },
      "50": { "start": { "line": 51, "column": 0 }, "end": { "line": 51, "column": 0 } },
      "51": { "start": { "line": 52, "column": 0 }, "end": { "line": 52, "column": 50 } },
      "52": { "start": { "line": 53, "column": 0 }, "end": { "line": 53, "column": 17 } },
      "53": { "start": { "line": 54, "column": 0 }, "end": { "line": 54, "column": 19 } },
      "54": { "start": { "line": 55, "column": 0 }, "end": { "line": 55, "column": 2 } },
      "55": { "start": { "line": 56, "column": 0 }, "end": { "line": 56, "column": 0 } },
      "56": { "start": { "line": 57, "column": 0 }, "end": { "line": 57, "column": 34 } },
      "57": { "start": { "line": 58, "column": 0 }, "end": { "line": 58, "column": 18 } },
      "58": { "start": { "line": 59, "column": 0 }, "end": { "line": 59, "column": 46 } },
      "59": { "start": { "line": 60, "column": 0 }, "end": { "line": 60, "column": 14 } },
      "60": { "start": { "line": 61, "column": 0 }, "end": { "line": 61, "column": 61 } },
      "61": { "start": { "line": 62, "column": 0 }, "end": { "line": 62, "column": 48 } },
      "62": { "start": { "line": 63, "column": 0 }, "end": { "line": 63, "column": 2 } },
      "63": { "start": { "line": 64, "column": 0 }, "end": { "line": 64, "column": 0 } },
      "64": { "start": { "line": 65, "column": 0 }, "end": { "line": 65, "column": 30 } },
      "65": { "start": { "line": 66, "column": 0 }, "end": { "line": 66, "column": 30 } },
      "66": { "start": { "line": 67, "column": 0 }, "end": { "line": 67, "column": 21 } },
      "67": { "start": { "line": 68, "column": 0 }, "end": { "line": 68, "column": 26 } },
      "68": { "start": { "line": 69, "column": 0 }, "end": { "line": 69, "column": 25 } },
      "69": { "start": { "line": 70, "column": 0 }, "end": { "line": 70, "column": 75 } },
      "70": { "start": { "line": 71, "column": 0 }, "end": { "line": 71, "column": 3 } },
      "71": { "start": { "line": 72, "column": 0 }, "end": { "line": 72, "column": 26 } },
      "72": { "start": { "line": 73, "column": 0 }, "end": { "line": 73, "column": 76 } },
      "73": { "start": { "line": 74, "column": 0 }, "end": { "line": 74, "column": 3 } },
      "74": { "start": { "line": 75, "column": 0 }, "end": { "line": 75, "column": 53 } },
      "75": { "start": { "line": 76, "column": 0 }, "end": { "line": 76, "column": 2 } },
      "76": { "start": { "line": 77, "column": 0 }, "end": { "line": 77, "column": 0 } },
      "77": { "start": { "line": 78, "column": 0 }, "end": { "line": 78, "column": 39 } },
      "78": { "start": { "line": 79, "column": 0 }, "end": { "line": 79, "column": 30 } },
      "79": { "start": { "line": 80, "column": 0 }, "end": { "line": 80, "column": 22 } },
      "80": { "start": { "line": 81, "column": 0 }, "end": { "line": 81, "column": 46 } },
      "81": { "start": { "line": 82, "column": 0 }, "end": { "line": 82, "column": 21 } },
      "82": { "start": { "line": 83, "column": 0 }, "end": { "line": 83, "column": 53 } },
      "83": { "start": { "line": 84, "column": 0 }, "end": { "line": 84, "column": 58 } },
      "84": { "start": { "line": 85, "column": 0 }, "end": { "line": 85, "column": 19 } },
      "85": { "start": { "line": 86, "column": 0 }, "end": { "line": 86, "column": 21 } },
      "86": { "start": { "line": 87, "column": 0 }, "end": { "line": 87, "column": 88 } },
      "87": { "start": { "line": 88, "column": 0 }, "end": { "line": 88, "column": 10 } },
      "88": { "start": { "line": 89, "column": 0 }, "end": { "line": 89, "column": 62 } },
      "89": { "start": { "line": 90, "column": 0 }, "end": { "line": 90, "column": 68 } },
      "90": { "start": { "line": 91, "column": 0 }, "end": { "line": 91, "column": 0 } },
      "91": { "start": { "line": 92, "column": 0 }, "end": { "line": 92, "column": 10 } },
      "92": { "start": { "line": 93, "column": 0 }, "end": { "line": 93, "column": 14 } },
      "93": { "start": { "line": 94, "column": 0 }, "end": { "line": 94, "column": 21 } },
      "94": { "start": { "line": 95, "column": 0 }, "end": { "line": 95, "column": 38 } },
      "95": { "start": { "line": 96, "column": 0 }, "end": { "line": 96, "column": 6 } },
      "96": { "start": { "line": 97, "column": 0 }, "end": { "line": 97, "column": 13 } },
      "97": { "start": { "line": 98, "column": 0 }, "end": { "line": 98, "column": 36 } },
      "98": { "start": { "line": 99, "column": 0 }, "end": { "line": 99, "column": 15 } },
      "99": { "start": { "line": 100, "column": 0 }, "end": { "line": 100, "column": 16 } },
      "100": { "start": { "line": 101, "column": 0 }, "end": { "line": 101, "column": 15 } },
      "101": { "start": { "line": 102, "column": 0 }, "end": { "line": 102, "column": 11 } },
      "102": { "start": { "line": 103, "column": 0 }, "end": { "line": 103, "column": 5 } },
      "103": { "start": { "line": 104, "column": 0 }, "end": { "line": 104, "column": 4 } },
      "104": { "start": { "line": 105, "column": 0 }, "end": { "line": 105, "column": 2 } },
      "105": { "start": { "line": 106, "column": 0 }, "end": { "line": 106, "column": 0 } },
      "106": { "start": { "line": 107, "column": 0 }, "end": { "line": 107, "column": 44 } },
      "107": { "start": { "line": 108, "column": 0 }, "end": { "line": 108, "column": 19 } },
      "108": { "start": { "line": 109, "column": 0 }, "end": { "line": 109, "column": 24 } },
      "109": { "start": { "line": 110, "column": 0 }, "end": { "line": 110, "column": 44 } },
      "110": { "start": { "line": 111, "column": 0 }, "end": { "line": 111, "column": 26 } },
      "111": { "start": { "line": 112, "column": 0 }, "end": { "line": 112, "column": 64 } },
      "112": { "start": { "line": 113, "column": 0 }, "end": { "line": 113, "column": 54 } },
      "113": { "start": { "line": 114, "column": 0 }, "end": { "line": 114, "column": 39 } },
      "114": { "start": { "line": 115, "column": 0 }, "end": { "line": 115, "column": 53 } },
      "115": { "start": { "line": 116, "column": 0 }, "end": { "line": 116, "column": 49 } },
      "116": { "start": { "line": 117, "column": 0 }, "end": { "line": 117, "column": 2 } }
    },
    "s": {
      "0": 1,
      "1": 1,
      "2": 1,
      "3": 1,
      "4": 1,
      "5": 1,
      "6": 1,
      "7": 1,
      "8": 1,
      "9": 1,
      "10": 1,
      "11": 1,
      "12": 1,
      "13": 1,
      "14": 1,
      "15": 1,
      "16": 1,
      "17": 1,
      "18": 1,
      "19": 1,
      "20": 1,
      "21": 1,
      "22": 1,
      "23": 1,
      "24": 1,
      "25": 1,
      "26": 1,
      "27": 1,
      "28": 1,
      "29": 1,
      "30": 1,
      "31": 1,
      "32": 1,
      "33": 1,
      "34": 1,
      "35": 1,
      "36": 1,
      "37": 1,
      "38": 1,
      "39": 1,
      "40": 1,
      "41": 1,
      "42": 1,
      "43": 1,
      "44": 1,
      "45": 1,
      "46": 1,
      "47": 1,
      "48": 1,
      "49": 1,
      "50": 1,
      "51": 1,
      "52": 1,
      "53": 1,
      "54": 1,
      "55": 1,
      "56": 1,
      "57": 2,
      "58": 2,
      "59": 2,
      "60": 2,
      "61": 2,
      "62": 2,
      "63": 1,
      "64": 1,
      "65": 2,
      "66": 2,
      "67": 2,
      "68": 2,
      "69": 1,
      "70": 1,
      "71": 1,
      "72": 1,
      "73": 1,
      "74": 0,
      "75": 0,
      "76": 1,
      "77": 1,
      "78": 2,
      "79": 2,
      "80": 2,
      "81": 2,
      "82": 2,
      "83": 2,
      "84": 2,
      "85": 2,
      "86": 1,
      "87": 1,
      "88": 2,
      "89": 2,
      "90": 2,
      "91": 2,
      "92": 2,
      "93": 2,
      "94": 2,
      "95": 2,
      "96": 2,
      "97": 2,
      "98": 2,
      "99": 2,
      "100": 2,
      "101": 2,
      "102": 2,
      "103": 2,
      "104": 2,
      "105": 1,
      "106": 1,
      "107": 4,
      "108": 4,
      "109": 4,
      "110": 4,
      "111": 4,
      "112": 4,
      "113": 4,
      "114": 4,
      "115": 4,
      "116": 4
    },
    "branchMap": {
      "0": {
        "type": "branch",
        "line": 57,
        "loc": { "start": { "line": 57, "column": 33 }, "end": { "line": 63, "column": 2 } },
        "locations": [{ "start": { "line": 57, "column": 33 }, "end": { "line": 63, "column": 2 } }]
      },
      "1": {
        "type": "branch",
        "line": 65,
        "loc": { "start": { "line": 65, "column": 29 }, "end": { "line": 76, "column": 2 } },
        "locations": [{ "start": { "line": 65, "column": 29 }, "end": { "line": 76, "column": 2 } }]
      },
      "2": {
        "type": "branch",
        "line": 69,
        "loc": { "start": { "line": 69, "column": 24 }, "end": { "line": 74, "column": 3 } },
        "locations": [{ "start": { "line": 69, "column": 24 }, "end": { "line": 74, "column": 3 } }]
      },
      "3": {
        "type": "branch",
        "line": 74,
        "loc": { "start": { "line": 74, "column": 2 }, "end": { "line": 76, "column": 2 } },
        "locations": [{ "start": { "line": 74, "column": 2 }, "end": { "line": 76, "column": 2 } }]
      },
      "4": {
        "type": "branch",
        "line": 78,
        "loc": { "start": { "line": 78, "column": 38 }, "end": { "line": 105, "column": 2 } },
        "locations": [
          { "start": { "line": 78, "column": 38 }, "end": { "line": 105, "column": 2 } }
        ]
      },
      "5": {
        "type": "branch",
        "line": 84,
        "loc": { "start": { "line": 84, "column": 30 }, "end": { "line": 84, "column": 56 } },
        "locations": [
          { "start": { "line": 84, "column": 30 }, "end": { "line": 84, "column": 56 } }
        ]
      },
      "6": {
        "type": "branch",
        "line": 84,
        "loc": { "start": { "line": 84, "column": 45 }, "end": { "line": 84, "column": 58 } },
        "locations": [
          { "start": { "line": 84, "column": 45 }, "end": { "line": 84, "column": 58 } }
        ]
      },
      "7": {
        "type": "branch",
        "line": 86,
        "loc": { "start": { "line": 86, "column": 15 }, "end": { "line": 87, "column": 88 } },
        "locations": [
          { "start": { "line": 86, "column": 15 }, "end": { "line": 87, "column": 88 } }
        ]
      },
      "8": {
        "type": "branch",
        "line": 87,
        "loc": { "start": { "line": 87, "column": 87 }, "end": { "line": 88, "column": 10 } },
        "locations": [
          { "start": { "line": 87, "column": 87 }, "end": { "line": 88, "column": 10 } }
        ]
      },
      "9": {
        "type": "branch",
        "line": 107,
        "loc": { "start": { "line": 107, "column": 43 }, "end": { "line": 117, "column": 2 } },
        "locations": [
          { "start": { "line": 107, "column": 43 }, "end": { "line": 117, "column": 2 } }
        ]
      }
    },
    "b": {
      "0": [2],
      "1": [2],
      "2": [1],
      "3": [0],
      "4": [2],
      "5": [1],
      "6": [1],
      "7": [1],
      "8": [1],
      "9": [4]
    },
    "fnMap": {
      "0": {
        "name": "calculateInterest",
        "decl": { "start": { "line": 57, "column": 33 }, "end": { "line": 63, "column": 2 } },
        "loc": { "start": { "line": 57, "column": 33 }, "end": { "line": 63, "column": 2 } },
        "line": 57
      },
      "1": {
        "name": "updateStreaks",
        "decl": { "start": { "line": 65, "column": 29 }, "end": { "line": 76, "column": 2 } },
        "loc": { "start": { "line": 65, "column": 29 }, "end": { "line": 76, "column": 2 } },
        "line": 65
      },
      "2": {
        "name": "applyEndOfRoundEconomy",
        "decl": { "start": { "line": 78, "column": 38 }, "end": { "line": 105, "column": 2 } },
        "loc": { "start": { "line": 78, "column": 38 }, "end": { "line": 105, "column": 2 } },
        "line": 78
      },
      "3": {
        "name": "calculateSupplyAdjustedCost",
        "decl": { "start": { "line": 107, "column": 43 }, "end": { "line": 117, "column": 2 } },
        "loc": { "start": { "line": 107, "column": 43 }, "end": { "line": 117, "column": 2 } },
        "line": 107
      }
    },
    "f": { "0": 2, "1": 2, "2": 2, "3": 4 }
  },
  "/Users/alexledger/git/aled1027/mechabellum/src/game/roster.ts": {
    "path": "/Users/alexledger/git/aled1027/mechabellum/src/game/roster.ts",
    "all": false,
    "statementMap": {
      "0": { "start": { "line": 1, "column": 0 }, "end": { "line": 1, "column": 89 } },
      "1": { "start": { "line": 2, "column": 0 }, "end": { "line": 2, "column": 60 } },
      "2": { "start": { "line": 3, "column": 0 }, "end": { "line": 3, "column": 53 } },
      "3": { "start": { "line": 4, "column": 0 }, "end": { "line": 4, "column": 69 } },
      "4": { "start": { "line": 5, "column": 0 }, "end": { "line": 5, "column": 80 } },
      "5": { "start": { "line": 6, "column": 0 }, "end": { "line": 6, "column": 65 } },
      "6": { "start": { "line": 7, "column": 0 }, "end": { "line": 7, "column": 65 } },
      "7": { "start": { "line": 8, "column": 0 }, "end": { "line": 8, "column": 0 } },
      "8": { "start": { "line": 9, "column": 0 }, "end": { "line": 9, "column": 29 } },
      "9": { "start": { "line": 10, "column": 0 }, "end": { "line": 10, "column": 13 } },
      "10": { "start": { "line": 11, "column": 0 }, "end": { "line": 11, "column": 23 } },
      "11": { "start": { "line": 12, "column": 0 }, "end": { "line": 12, "column": 22 } },
      "12": { "start": { "line": 13, "column": 0 }, "end": { "line": 13, "column": 18 } },
      "13": { "start": { "line": 14, "column": 0 }, "end": { "line": 14, "column": 1 } },
      "14": { "start": { "line": 15, "column": 0 }, "end": { "line": 15, "column": 0 } },
[...]
      "21": { "start": { "line": 22, "column": 0 }, "end": { "line": 22, "column": 0 } },
      "22": { "start": { "line": 23, "column": 0 }, "end": { "line": 23, "column": 15 } },
      "23": { "start": { "line": 24, "column": 0 }, "end": { "line": 24, "column": 9 } },
      "24": { "start": { "line": 25, "column": 0 }, "end": { "line": 25, "column": 25 } },
      "25": { "start": { "line": 26, "column": 0 }, "end": { "line": 26, "column": 89 } },
      "26": { "start": { "line": 27, "column": 0 }, "end": { "line": 27, "column": 5 } },
      "27": { "start": { "line": 28, "column": 0 }, "end": { "line": 28, "column": 2 } },
      "28": { "start": { "line": 29, "column": 0 }, "end": { "line": 29, "column": 0 } },
      "29": { "start": { "line": 30, "column": 0 }, "end": { "line": 30, "column": 98 } },
      "30": { "start": { "line": 31, "column": 0 }, "end": { "line": 31, "column": 44 } },
      "31": { "start": { "line": 32, "column": 0 }, "end": { "line": 32, "column": 67 } },
      "32": { "start": { "line": 33, "column": 0 }, "end": { "line": 33, "column": 32 } },
      "33": { "start": { "line": 34, "column": 0 }, "end": { "line": 34, "column": 22 } },
      "34": { "start": { "line": 35, "column": 0 }, "end": { "line": 35, "column": 5 } },
      "35": { "start": { "line": 36, "column": 0 }, "end": { "line": 36, "column": 62 } },
      "36": { "start": { "line": 37, "column": 0 }, "end": { "line": 37, "column": 46 } },
      "37": { "start": { "line": 38, "column": 0 }, "end": { "line": 38, "column": 50 } },
      "38": { "start": { "line": 39, "column": 0 }, "end": { "line": 39, "column": 19 } },
      "39": { "start": { "line": 40, "column": 0 }, "end": { "line": 40, "column": 13 } },
      "40": { "start": { "line": 41, "column": 0 }, "end": { "line": 41, "column": 21 } },
      "41": { "start": { "line": 42, "column": 0 }, "end": { "line": 42, "column": 80 } },
      "42": { "start": { "line": 43, "column": 0 }, "end": { "line": 43, "column": 9 } },
      "43": { "start": { "line": 44, "column": 0 }, "end": { "line": 44, "column": 5 } },
      "44": { "start": { "line": 45, "column": 0 }, "end": { "line": 45, "column": 3 } },
      "45": { "start": { "line": 46, "column": 0 }, "end": { "line": 46, "column": 0 } },
      "46": { "start": { "line": 47, "column": 0 }, "end": { "line": 47, "column": 88 } },
      "47": { "start": { "line": 48, "column": 0 }, "end": { "line": 48, "column": 2 } },
      "48": { "start": { "line": 49, "column": 0 }, "end": { "line": 49, "column": 0 } },
      "49": { "start": { "line": 50, "column": 0 }, "end": { "line": 50, "column": 81 } },
      "50": { "start": { "line": 51, "column": 0 }, "end": { "line": 51, "column": 60 } },
      "51": { "start": { "line": 52, "column": 0 }, "end": { "line": 52, "column": 0 } },
      "52": { "start": { "line": 53, "column": 0 }, "end": { "line": 53, "column": 71 } },
      "53": { "start": { "line": 54, "column": 0 }, "end": { "line": 54, "column": 75 } },
      "54": { "start": { "line": 55, "column": 0 }, "end": { "line": 55, "column": 14 } },
      "55": { "start": { "line": 56, "column": 0 }, "end": { "line": 56, "column": 13 } },
      "56": { "start": { "line": 57, "column": 0 }, "end": { "line": 57, "column": 3 } },
      "57": { "start": { "line": 58, "column": 0 }, "end": { "line": 58, "column": 49 } },
      "58": { "start": { "line": 59, "column": 0 }, "end": { "line": 59, "column": 2 } },
      "59": { "start": { "line": 60, "column": 0 }, "end": { "line": 60, "column": 0 } },
      "60": { "start": { "line": 61, "column": 0 }, "end": { "line": 61, "column": 67 } },
      "61": { "start": { "line": 62, "column": 0 }, "end": { "line": 62, "column": 75 } },
      "62": { "start": { "line": 63, "column": 0 }, "end": { "line": 63, "column": 14 } },
      "63": { "start": { "line": 64, "column": 0 }, "end": { "line": 64, "column": 13 } },
      "64": { "start": { "line": 65, "column": 0 }, "end": { "line": 65, "column": 3 } },
      "65": { "start": { "line": 66, "column": 0 }, "end": { "line": 66, "column": 13 } },
      "66": { "start": { "line": 67, "column": 0 }, "end": { "line": 67, "column": 2 } }
    },
    "s": {
      "0": 1,
      "1": 1,
      "2": 1,
      "3": 4,
      "4": 4,
      "5": 4,
      "6": 4,
      "7": 4,
      "8": 4,
      "9": 4,
      "10": 4,
      "11": 1,
      "12": 1,
      "13": 4,
      "14": 3,
      "15": 3,
      "16": 3,
      "17": 3,
      "18": 3,
      "19": 3,
      "20": 3,
      "21": 4,
      "22": 4,
      "23": 4,
      "24": 4,
      "25": 4,
      "26": 4,
      "27": 4,
      "28": 1,
      "29": 1,
      "30": 10495,
      "31": 3,
      "32": 3,
      "33": 0,
      "34": 0,
      "35": 3,
      "36": 2,
      "37": 2,
      "38": 2,
      "39": 2,
      "40": 2,
      "41": 2,
      "42": 2,
      "43": 2,
      "44": 3,
      "45": 10495,
      "46": 10495,
      "47": 10495,
      "48": 1,
      "49": 1,
      "50": 41974,
      "51": 1,
      "52": 1,
      "53": 10494,
      "54": 10494,
      "55": 10493,
      "56": 10493,
      "57": 1,
      "58": 1,
      "59": 1,
      "60": 1,
      "61": 11,
      "62": 11,
      "63": 10,
      "64": 10,
      "65": 1,
      "66": 1
    },
    "branchMap": {
      "0": {
        "type": "branch",
        "line": 3,
        "loc": { "start": { "line": 3, "column": 31 }, "end": { "line": 28, "column": 2 } },
        "locations": [{ "start": { "line": 3, "column": 31 }, "end": { "line": 28, "column": 2 } }]
      },
      "1": {
        "type": "branch",
        "line": 11,
        "loc": { "start": { "line": 11, "column": 16 }, "end": { "line": 14, "column": 9 } },
        "locations": [{ "start": { "line": 11, "column": 16 }, "end": { "line": 14, "column": 9 } }]
      },
      "2": {
        "type": "branch",
        "line": 14,
        "loc": { "start": { "line": 14, "column": 2 }, "end": { "line": 21, "column": 3 } },
        "locations": [{ "start": { "line": 14, "column": 2 }, "end": { "line": 21, "column": 3 } }]
      },
      "3": {
        "type": "branch",
        "line": 10,
        "loc": { "start": { "line": 10, "column": 45 }, "end": { "line": 10, "column": 84 } },
        "locations": [
          { "start": { "line": 10, "column": 45 }, "end": { "line": 10, "column": 84 } }
        ]
      },
      "4": {
        "type": "branch",
        "line": 30,
        "loc": { "start": { "line": 30, "column": 33 }, "end": { "line": 48, "column": 2 } },
        "locations": [{ "start": { "line": 30, "column": 33 }, "end": { "line": 48, "column": 2 } }]
      },
      "5": {
        "type": "branch",
        "line": 31,
        "loc": { "start": { "line": 31, "column": 43 }, "end": { "line": 45, "column": 3 } },
        "locations": [{ "start": { "line": 31, "column": 43 }, "end": { "line": 45, "column": 3 } }]
      },
      "6": {
        "type": "branch",
        "line": 33,
        "loc": { "start": { "line": 33, "column": 31 }, "end": { "line": 35, "column": 5 } },
        "locations": [{ "start": { "line": 33, "column": 31 }, "end": { "line": 35, "column": 5 } }]
      },
      "7": {
        "type": "branch",
        "line": 36,
        "loc": { "start": { "line": 36, "column": 61 }, "end": { "line": 44, "column": 5 } },
        "locations": [{ "start": { "line": 36, "column": 61 }, "end": { "line": 44, "column": 5 } }]
      },
      "8": {
        "type": "branch",
        "line": 47,
        "loc": { "start": { "line": 47, "column": 49 }, "end": { "line": 47, "column": 86 } },
        "locations": [
          { "start": { "line": 47, "column": 49 }, "end": { "line": 47, "column": 86 } }
        ]
      },
      "9": {
        "type": "branch",
        "line": 50,
        "loc": { "start": { "line": 50, "column": 25 }, "end": { "line": 51, "column": 60 } },
        "locations": [
          { "start": { "line": 50, "column": 25 }, "end": { "line": 51, "column": 60 } }
        ]
      },
      "10": {
        "type": "branch",
        "line": 51,
        "loc": { "start": { "line": 51, "column": 26 }, "end": { "line": 51, "column": 58 } },
        "locations": [
          { "start": { "line": 51, "column": 26 }, "end": { "line": 51, "column": 58 } }
        ]
      },
      "11": {
        "type": "branch",
        "line": 53,
        "loc": { "start": { "line": 53, "column": 38 }, "end": { "line": 59, "column": 2 } },
        "locations": [{ "start": { "line": 53, "column": 38 }, "end": { "line": 59, "column": 2 } }]
      },
      "12": {
        "type": "branch",
        "line": 55,
        "loc": { "start": { "line": 55, "column": 13 }, "end": { "line": 57, "column": 3 } },
        "locations": [{ "start": { "line": 55, "column": 13 }, "end": { "line": 57, "column": 3 } }]
      },
      "13": {
        "type": "branch",
        "line": 57,
        "loc": { "start": { "line": 57, "column": 2 }, "end": { "line": 59, "column": 2 } },
        "locations": [{ "start": { "line": 57, "column": 2 }, "end": { "line": 59, "column": 2 } }]
      },
      "14": {
        "type": "branch",
        "line": 54,
        "loc": { "start": { "line": 54, "column": 39 }, "end": { "line": 54, "column": 73 } },
        "locations": [
          { "start": { "line": 54, "column": 39 }, "end": { "line": 54, "column": 73 } }
        ]
      },
      "15": {
        "type": "branch",
        "line": 61,
        "loc": { "start": { "line": 61, "column": 34 }, "end": { "line": 67, "column": 2 } },
        "locations": [{ "start": { "line": 61, "column": 34 }, "end": { "line": 67, "column": 2 } }]
      },
      "16": {
        "type": "branch",
        "line": 63,
        "loc": { "start": { "line": 63, "column": 13 }, "end": { "line": 65, "column": 3 } },
        "locations": [{ "start": { "line": 63, "column": 13 }, "end": { "line": 65, "column": 3 } }]
      },
      "17": {
        "type": "branch",
        "line": 65,
        "loc": { "start": { "line": 65, "column": 2 }, "end": { "line": 67, "column": 2 } },
        "locations": [{ "start": { "line": 65, "column": 2 }, "end": { "line": 67, "column": 2 } }]
      },
      "18": {
        "type": "branch",
        "line": 62,
        "loc": { "start": { "line": 62, "column": 39 }, "end": { "line": 62, "column": 73 } },
        "locations": [
          { "start": { "line": 62, "column": 39 }, "end": { "line": 62, "column": 73 } }
        ]
      }
    },
    "b": {
      "0": [4],
      "1": [1],
      "2": [3],
      "3": [1],
      "4": [10495],
      "5": [3],
      "6": [0],
      "7": [2],
      "8": [3],
      "9": [41974],
      "10": [3],
      "11": [10494],
      "12": [10493],
      "13": [1],
      "14": [1],
      "15": [11],
      "16": [10],
      "17": [1],
      "18": [1]
    },
    "fnMap": {
      "0": {
        "name": "addStatusEffect",
        "decl": { "start": { "line": 3, "column": 31 }, "end": { "line": 28, "column": 2 } },
        "loc": { "start": { "line": 3, "column": 31 }, "end": { "line": 28, "column": 2 } },
        "line": 3
      },
      "1": {
        "name": "tickStatusEffects",
        "decl": { "start": { "line": 30, "column": 33 }, "end": { "line": 48, "column": 2 } },
        "loc": { "start": { "line": 30, "column": 33 }, "end": { "line": 48, "column": 2 } },
        "line": 30
      },
      "2": {
        "name": "hasStatus",
        "decl": { "start": { "line": 50, "column": 25 }, "end": { "line": 51, "column": 60 } },
        "loc": { "start": { "line": 50, "column": 25 }, "end": { "line": 51, "column": 60 } },
        "line": 50
      },
      "3": {
        "name": "getMoveSpeedMultiplier",
        "decl": { "start": { "line": 53, "column": 38 }, "end": { "line": 59, "column": 2 } },
        "loc": { "start": { "line": 53, "column": 38 }, "end": { "line": 59, "column": 2 } },
        "line": 53
      },
      "4": {
        "name": "getArmorMultiplier",
        "decl": { "start": { "line": 61, "column": 34 }, "end": { "line": 67, "column": 2 } },
        "loc": { "start": { "line": 61, "column": 34 }, "end": { "line": 67, "column": 2 } },
        "line": 61
      }
    },
    "f": { "0": 4, "1": 10495, "2": 41974, "3": 10494, "4": 11 }
  },
  "/Users/alexledger/git/aled1027/mechabellum/src/sim/targeting.ts": {
    "path": "/Users/alexledger/git/aled1027/mechabellum/src/sim/targeting.ts",
    "all": false,
    "statementMap": {
      "0": { "start": { "line": 1, "column": 0 }, "end": { "line": 1, "column": 47 } },
      "1": { "start": { "line": 2, "column": 0 }, "end": { "line": 2, "column": 0 } },
      "2": { "start": { "line": 3, "column": 0 }, "end": { "line": 3, "column": 88 } },
      "3": { "start": { "line": 4, "column": 0 }, "end": { "line": 4, "column": 23 } },
      "4": { "start": { "line": 5, "column": 0 }, "end": { "line": 5, "column": 23 } },
      "5": { "start": { "line": 6, "column": 0 }, "end": { "line": 6, "column": 38 } },
      "6": { "start": { "line": 7, "column": 0 }, "end": { "line": 7, "column": 2 } },
      "7": { "start": { "line": 8, "column": 0 }, "end": { "line": 8, "column": 0 } },
      "8": { "start": { "line": 9, "column": 0 }, "end": { "line": 9, "column": 53 } },
      "9": { "start": { "line": 10, "column": 0 }, "end": { "line": 10, "column": 60 } },
      "10": { "start": { "line": 11, "column": 0 }, "end": { "line": 11, "column": 32 } },
      "11": { "start": { "line": 12, "column": 0 }, "end": { "line": 12, "column": 2 } },
      "12": { "start": { "line": 13, "column": 0 }, "end": { "line": 13, "column": 0 } },
      "13": { "start": { "line": 14, "column": 0 }, "end": { "line": 14, "column": 86 } },
      "14": { "start": { "line": 15, "column": 0 }, "end": { "line": 15, "column": 60 } },
      "15": { "start": { "line": 16, "column": 0 }, "end": { "line": 16, "column": 64 } },
      "16": { "start": { "line": 17, "column": 0 }, "end": { "line": 17, "column": 37 } },
      "17": { "start": { "line": 18, "column": 0 }, "end": { "line": 18, "column": 90 } },
      "18": { "start": { "line": 19, "column": 0 }, "end": { "line": 19, "column": 62 } },
      "19": { "start": { "line": 20, "column": 0 }, "end": { "line": 20, "column": 2 } },
      "20": { "start": { "line": 21, "column": 0 }, "end": { "line": 21, "column": 0 } },
      "21": { "start": { "line": 22, "column": 0 }, "end": { "line": 22, "column": 29 } },
      "22": { "start": { "line": 23, "column": 0 }, "end": { "line": 23, "column": 25 } },
      "23": { "start": { "line": 24, "column": 0 }, "end": { "line": 24, "column": 28 } },
      "24": { "start": { "line": 25, "column": 0 }, "end": { "line": 25, "column": 32 } },
      "25": { "start": { "line": 26, "column": 0 }, "end": { "line": 26, "column": 37 } },
      "26": { "start": { "line": 27, "column": 0 }, "end": { "line": 27, "column": 43 } },
      "27": { "start": { "line": 28, "column": 0 }, "end": { "line": 28, "column": 39 } },
      "28": { "start": { "line": 29, "column": 0 }, "end": { "line": 29, "column": 51 } },
      "29": { "start": { "line": 30, "column": 0 }, "end": { "line": 30, "column": 28 } },
      "30": { "start": { "line": 31, "column": 0 }, "end": { "line": 31, "column": 23 } },
      "31": { "start": { "line": 32, "column": 0 }, "end": { "line": 32, "column": 24 } },
      "32": { "start": { "line": 33, "column": 0 }, "end": { "line": 33, "column": 5 } },
      "33": { "start": { "line": 34, "column": 0 }, "end": { "line": 34, "column": 3 } },
      "34": { "start": { "line": 35, "column": 0 }, "end": { "line": 35, "column": 14 } },
      "35": { "start": { "line": 36, "column": 0 }, "end": { "line": 36, "column": 2 } }
    },
    "s": {
      "0": 1,
      "1": 1,
      "2": 1,
      "3": 7600,
      "4": 7600,
      "5": 7600,
      "6": 7600,
      "7": 1,
      "8": 1,
      "9": 7600,
      "10": 7600,
      "11": 7600,
      "12": 1,
      "13": 1,
      "14": 7600,
      "15": 7600,
      "16": 7600,
      "17": 7600,
      "18": 7600,
      "19": 7600,
      "20": 1,
      "21": 1,
      "22": 411,
      "23": 411,
      "24": 411,
      "25": 411,
      "26": 411,
      "27": 411,
      "28": 7598,
      "29": 7598,
      "30": 1761,
      "31": 1761,
      "32": 1761,
      "33": 7598,
      "34": 411,
      "35": 411
    },
    "branchMap": {
      "0": {
        "type": "branch",
        "line": 3,
        "loc": { "start": { "line": 3, "column": 17 }, "end": { "line": 7, "column": 2 } },
        "locations": [{ "start": { "line": 3, "column": 17 }, "end": { "line": 7, "column": 2 } }]
      },
      "1": {
        "type": "branch",
        "line": 9,
        "loc": { "start": { "line": 9, "column": 20 }, "end": { "line": 12, "column": 2 } },
        "locations": [{ "start": { "line": 9, "column": 20 }, "end": { "line": 12, "column": 2 } }]
      },
      "2": {
        "type": "branch",
        "line": 14,
        "loc": { "start": { "line": 14, "column": 27 }, "end": { "line": 20, "column": 2 } },
        "locations": [{ "start": { "line": 14, "column": 27 }, "end": { "line": 20, "column": 2 } }]
      },
      "3": {
        "type": "branch",
        "line": 18,
        "loc": { "start": { "line": 18, "column": 77 }, "end": { "line": 18, "column": 88 } },
        "locations": [
          { "start": { "line": 18, "column": 77 }, "end": { "line": 18, "column": 88 } }
        ]
      },
      "4": {
        "type": "branch",
        "line": 18,
        "loc": { "start": { "line": 18, "column": 81 }, "end": { "line": 18, "column": 90 } },
        "locations": [
          { "start": { "line": 18, "column": 81 }, "end": { "line": 18, "column": 90 } }
        ]
      },
      "5": {
        "type": "branch",
        "line": 18,
        "loc": { "start": { "line": 18, "column": 43 }, "end": { "line": 18, "column": 77 } },
        "locations": [
          { "start": { "line": 18, "column": 43 }, "end": { "line": 18, "column": 77 } }
        ]
      },
      "6": {
        "type": "branch",
        "line": 22,
        "loc": { "start": { "line": 22, "column": 28 }, "end": { "line": 36, "column": 2 } },
        "locations": [{ "start": { "line": 22, "column": 28 }, "end": { "line": 36, "column": 2 } }]
      },
      "7": {
        "type": "branch",
        "line": 28,
        "loc": { "start": { "line": 28, "column": 38 }, "end": { "line": 34, "column": 3 } },
        "locations": [{ "start": { "line": 28, "column": 38 }, "end": { "line": 34, "column": 3 } }]
      },
      "8": {
        "type": "branch",
        "line": 30,
        "loc": { "start": { "line": 30, "column": 27 }, "end": { "line": 33, "column": 5 } },
        "locations": [{ "start": { "line": 30, "column": 27 }, "end": { "line": 33, "column": 5 } }]
      }
    },
    "b": {
      "0": [7600],
      "1": [7600],
      "2": [7600],
      "3": [1],
      "4": [7599],
      "5": [1],
      "6": [411],
      "7": [7598],
      "8": [1761]
    },
    "fnMap": {
      "0": {
        "name": "distance",
        "decl": { "start": { "line": 3, "column": 17 }, "end": { "line": 7, "column": 2 } },
        "loc": { "start": { "line": 3, "column": 17 }, "end": { "line": 7, "column": 2 } },
        "line": 3
      },
      "1": {
        "name": "threatScore",
        "decl": { "start": { "line": 9, "column": 20 }, "end": { "line": 12, "column": 2 } },
        "loc": { "start": { "line": 9, "column": 20 }, "end": { "line": 12, "column": 2 } },
        "line": 9
      },
      "2": {
        "name": "scoreTarget",
        "decl": { "start": { "line": 14, "column": 27 }, "end": { "line": 20, "column": 2 } },
        "loc": { "start": { "line": 14, "column": 27 }, "end": { "line": 20, "column": 2 } },
        "line": 14
      },
      "3": {
        "name": "selectTarget",
        "decl": { "start": { "line": 22, "column": 28 }, "end": { "line": 36, "column": 2 } },
        "loc": { "start": { "line": 22, "column": 28 }, "end": { "line": 36, "column": 2 } },
        "line": 22
      }
    },
    "f": { "0": 7600, "1": 7600, "2": 7600, "3": 411 }
  }
}
